{"/home/runner/work/COS498-Group-7-Repo/COS498-Group-7-Repo/server/core/conversationExporter.js": {"path":"/home/runner/work/COS498-Group-7-Repo/COS498-Group-7-Repo/server/core/conversationExporter.js","statementMap":{"0":{"start":{"line":1,"column":11},"end":{"line":1,"column":24}},"1":{"start":{"line":2,"column":13},"end":{"line":2,"column":28}},"2":{"start":{"line":3,"column":21},"end":{"line":3,"column":54}},"3":{"start":{"line":4,"column":16},"end":{"line":4,"column":44}},"4":{"start":{"line":5,"column":13},"end":{"line":5,"column":38}},"5":{"start":{"line":6,"column":19},"end":{"line":6,"column":50}},"6":{"start":{"line":7,"column":20},"end":{"line":7,"column":52}},"7":{"start":{"line":8,"column":29},"end":{"line":8,"column":70}},"8":{"start":{"line":10,"column":19},"end":{"line":10,"column":76}},"9":{"start":{"line":20,"column":23},"end":{"line":20,"column":60}},"10":{"start":{"line":21,"column":2},"end":{"line":24,"column":3}},"11":{"start":{"line":22,"column":4},"end":{"line":22,"column":72}},"12":{"start":{"line":23,"column":4},"end":{"line":23,"column":16}},"13":{"start":{"line":27,"column":19},"end":{"line":27,"column":63}},"14":{"start":{"line":28,"column":2},"end":{"line":31,"column":3}},"15":{"start":{"line":30,"column":4},"end":{"line":30,"column":16}},"16":{"start":{"line":34,"column":15},"end":{"line":34,"column":50}},"17":{"start":{"line":37,"column":20},"end":{"line":37,"column":65}},"18":{"start":{"line":38,"column":17},"end":{"line":41,"column":3}},"19":{"start":{"line":39,"column":4},"end":{"line":40,"column":71}},"20":{"start":{"line":44,"column":20},"end":{"line":44,"column":66}},"21":{"start":{"line":45,"column":23},"end":{"line":48,"column":3}},"22":{"start":{"line":46,"column":4},"end":{"line":47,"column":69}},"23":{"start":{"line":51,"column":19},"end":{"line":51,"column":76}},"24":{"start":{"line":54,"column":19},"end":{"line":54,"column":42}},"25":{"start":{"line":55,"column":17},"end":{"line":55,"column":43}},"26":{"start":{"line":56,"column":20},"end":{"line":56,"column":55}},"27":{"start":{"line":58,"column":19},"end":{"line":88,"column":3}},"28":{"start":{"line":67,"column":50},"end":{"line":67,"column":62}},"29":{"start":{"line":68,"column":42},"end":{"line":72,"column":5}},"30":{"start":{"line":83,"column":30},"end":{"line":87,"column":5}},"31":{"start":{"line":91,"column":2},"end":{"line":91,"column":48}},"32":{"start":{"line":92,"column":19},"end":{"line":92,"column":48}},"33":{"start":{"line":93,"column":19},"end":{"line":93,"column":50}},"34":{"start":{"line":94,"column":2},"end":{"line":94,"column":64}},"35":{"start":{"line":95,"column":2},"end":{"line":95,"column":77}},"36":{"start":{"line":96,"column":2},"end":{"line":96,"column":18}},"37":{"start":{"line":104,"column":27},"end":{"line":106,"column":10}},"38":{"start":{"line":108,"column":19},"end":{"line":108,"column":21}},"39":{"start":{"line":109,"column":2},"end":{"line":115,"column":3}},"40":{"start":{"line":110,"column":21},"end":{"line":110,"column":65}},"41":{"start":{"line":111,"column":4},"end":{"line":114,"column":5}},"42":{"start":{"line":112,"column":21},"end":{"line":112,"column":47}},"43":{"start":{"line":113,"column":6},"end":{"line":113,"column":40}},"44":{"start":{"line":113,"column":18},"end":{"line":113,"column":40}},"45":{"start":{"line":117,"column":2},"end":{"line":117,"column":74}},"46":{"start":{"line":118,"column":2},"end":{"line":118,"column":18}},"47":{"start":{"line":121,"column":0},"end":{"line":121,"column":51}}},"fnMap":{"0":{"name":"exportConversation","decl":{"start":{"line":19,"column":9},"end":{"line":19,"column":27}},"loc":{"start":{"line":19,"column":44},"end":{"line":97,"column":1}},"line":19},"1":{"name":"(anonymous_1)","decl":{"start":{"line":38,"column":34},"end":{"line":38,"column":35}},"loc":{"start":{"line":39,"column":4},"end":{"line":40,"column":71}},"line":39},"2":{"name":"(anonymous_2)","decl":{"start":{"line":45,"column":40},"end":{"line":45,"column":41}},"loc":{"start":{"line":46,"column":4},"end":{"line":47,"column":69}},"line":46},"3":{"name":"(anonymous_3)","decl":{"start":{"line":67,"column":45},"end":{"line":67,"column":46}},"loc":{"start":{"line":67,"column":50},"end":{"line":67,"column":62}},"line":67},"4":{"name":"(anonymous_4)","decl":{"start":{"line":68,"column":36},"end":{"line":68,"column":37}},"loc":{"start":{"line":68,"column":42},"end":{"line":72,"column":5}},"line":68},"5":{"name":"(anonymous_5)","decl":{"start":{"line":83,"column":24},"end":{"line":83,"column":25}},"loc":{"start":{"line":83,"column":30},"end":{"line":87,"column":5}},"line":83},"6":{"name":"exportAll","decl":{"start":{"line":103,"column":9},"end":{"line":103,"column":18}},"loc":{"start":{"line":103,"column":21},"end":{"line":119,"column":1}},"line":103}},"branchMap":{"0":{"loc":{"start":{"line":21,"column":2},"end":{"line":24,"column":3}},"type":"if","locations":[{"start":{"line":21,"column":2},"end":{"line":24,"column":3}},{"start":{},"end":{}}],"line":21},"1":{"loc":{"start":{"line":28,"column":2},"end":{"line":31,"column":3}},"type":"if","locations":[{"start":{"line":28,"column":2},"end":{"line":31,"column":3}},{"start":{},"end":{}}],"line":28},"2":{"loc":{"start":{"line":39,"column":4},"end":{"line":40,"column":71}},"type":"binary-expr","locations":[{"start":{"line":39,"column":4},"end":{"line":39,"column":45}},{"start":{"line":40,"column":5},"end":{"line":40,"column":27}},{"start":{"line":40,"column":31},"end":{"line":40,"column":70}}],"line":39},"3":{"loc":{"start":{"line":46,"column":4},"end":{"line":47,"column":69}},"type":"binary-expr","locations":[{"start":{"line":46,"column":4},"end":{"line":46,"column":43}},{"start":{"line":47,"column":5},"end":{"line":47,"column":27}},{"start":{"line":47,"column":31},"end":{"line":47,"column":68}}],"line":46},"4":{"loc":{"start":{"line":54,"column":19},"end":{"line":54,"column":42}},"type":"binary-expr","locations":[{"start":{"line":54,"column":19},"end":{"line":54,"column":29}},{"start":{"line":54,"column":33},"end":{"line":54,"column":42}}],"line":54},"5":{"loc":{"start":{"line":55,"column":17},"end":{"line":55,"column":43}},"type":"binary-expr","locations":[{"start":{"line":55,"column":17},"end":{"line":55,"column":30}},{"start":{"line":55,"column":34},"end":{"line":55,"column":43}}],"line":55},"6":{"loc":{"start":{"line":56,"column":20},"end":{"line":56,"column":55}},"type":"binary-expr","locations":[{"start":{"line":56,"column":20},"end":{"line":56,"column":42}},{"start":{"line":56,"column":46},"end":{"line":56,"column":55}}],"line":56},"7":{"loc":{"start":{"line":64,"column":21},"end":{"line":64,"column":45}},"type":"binary-expr","locations":[{"start":{"line":64,"column":21},"end":{"line":64,"column":40}},{"start":{"line":64,"column":44},"end":{"line":64,"column":45}}],"line":64},"8":{"loc":{"start":{"line":65,"column":24},"end":{"line":65,"column":57}},"type":"binary-expr","locations":[{"start":{"line":65,"column":24},"end":{"line":65,"column":46}},{"start":{"line":65,"column":50},"end":{"line":65,"column":57}}],"line":65},"9":{"loc":{"start":{"line":76,"column":14},"end":{"line":82,"column":12}},"type":"cond-expr","locations":[{"start":{"line":77,"column":8},"end":{"line":81,"column":9}},{"start":{"line":82,"column":8},"end":{"line":82,"column":12}}],"line":76},"10":{"loc":{"start":{"line":84,"column":12},"end":{"line":84,"column":53}},"type":"cond-expr","locations":[{"start":{"line":84,"column":37},"end":{"line":84,"column":44}},{"start":{"line":84,"column":47},"end":{"line":84,"column":53}}],"line":84},"11":{"loc":{"start":{"line":111,"column":4},"end":{"line":114,"column":5}},"type":"if","locations":[{"start":{"line":111,"column":4},"end":{"line":114,"column":5}},{"start":{},"end":{}}],"line":111},"12":{"loc":{"start":{"line":113,"column":6},"end":{"line":113,"column":40}},"type":"if","locations":[{"start":{"line":113,"column":6},"end":{"line":113,"column":40}},{"start":{},"end":{}}],"line":113}},"s":{"0":1,"1":1,"2":1,"3":1,"4":1,"5":1,"6":1,"7":1,"8":1,"9":0,"10":0,"11":0,"12":0,"13":0,"14":0,"15":0,"16":0,"17":0,"18":0,"19":0,"20":0,"21":0,"22":0,"23":0,"24":0,"25":0,"26":0,"27":0,"28":0,"29":0,"30":0,"31":0,"32":0,"33":0,"34":0,"35":0,"36":0,"37":0,"38":0,"39":0,"40":0,"41":0,"42":0,"43":0,"44":0,"45":0,"46":0,"47":1},"f":{"0":0,"1":0,"2":0,"3":0,"4":0,"5":0,"6":0},"b":{"0":[0,0],"1":[0,0],"2":[0,0,0],"3":[0,0,0],"4":[0,0],"5":[0,0],"6":[0,0],"7":[0,0],"8":[0,0],"9":[0,0],"10":[0,0],"11":[0,0],"12":[0,0]},"_coverageSchema":"1a1c01bbd47fc00a2c39e90264f33305004495a9","hash":"0ad182c9221f454fca876bb084737719ef858900"}
,"/home/runner/work/COS498-Group-7-Repo/COS498-Group-7-Repo/server/core/conversationState.js": {"path":"/home/runner/work/COS498-Group-7-Repo/COS498-Group-7-Repo/server/core/conversationState.js","statementMap":{"0":{"start":{"line":1,"column":21},"end":{"line":1,"column":54}},"1":{"start":{"line":2,"column":16},"end":{"line":2,"column":44}},"2":{"start":{"line":3,"column":17},"end":{"line":3,"column":50}},"3":{"start":{"line":5,"column":32},"end":{"line":5,"column":34}},"4":{"start":{"line":13,"column":17},"end":{"line":13,"column":48}},"5":{"start":{"line":14,"column":2},"end":{"line":16,"column":3}},"6":{"start":{"line":15,"column":4},"end":{"line":15,"column":21}},"7":{"start":{"line":17,"column":2},"end":{"line":17,"column":50}},"8":{"start":{"line":26,"column":14},"end":{"line":26,"column":38}},"9":{"start":{"line":27,"column":17},"end":{"line":30,"column":4}},"10":{"start":{"line":33,"column":2},"end":{"line":37,"column":3}},"11":{"start":{"line":34,"column":4},"end":{"line":34,"column":43}},"12":{"start":{"line":36,"column":4},"end":{"line":36,"column":74}},"13":{"start":{"line":39,"column":2},"end":{"line":39,"column":16}},"14":{"start":{"line":48,"column":2},"end":{"line":48,"column":60}},"15":{"start":{"line":58,"column":2},"end":{"line":58,"column":45}},"16":{"start":{"line":69,"column":2},"end":{"line":71,"column":3}},"17":{"start":{"line":70,"column":4},"end":{"line":70,"column":90}},"18":{"start":{"line":72,"column":2},"end":{"line":76,"column":5}},"19":{"start":{"line":79,"column":0},"end":{"line":79,"column":100}}},"fnMap":{"0":{"name":"getOrCreateSession","decl":{"start":{"line":12,"column":9},"end":{"line":12,"column":27}},"loc":{"start":{"line":12,"column":36},"end":{"line":18,"column":1}},"line":12},"1":{"name":"closeSession","decl":{"start":{"line":25,"column":9},"end":{"line":25,"column":21}},"loc":{"start":{"line":25,"column":33},"end":{"line":40,"column":1}},"line":25},"2":{"name":"abandonStale","decl":{"start":{"line":47,"column":9},"end":{"line":47,"column":21}},"loc":{"start":{"line":47,"column":24},"end":{"line":49,"column":1}},"line":47},"3":{"name":"getSessionMessages","decl":{"start":{"line":57,"column":9},"end":{"line":57,"column":27}},"loc":{"start":{"line":57,"column":51},"end":{"line":59,"column":1}},"line":57},"4":{"name":"addMessage","decl":{"start":{"line":68,"column":9},"end":{"line":68,"column":19}},"loc":{"start":{"line":68,"column":43},"end":{"line":77,"column":1}},"line":68}},"branchMap":{"0":{"loc":{"start":{"line":14,"column":2},"end":{"line":16,"column":3}},"type":"if","locations":[{"start":{"line":14,"column":2},"end":{"line":16,"column":3}},{"start":{},"end":{}}],"line":14},"1":{"loc":{"start":{"line":14,"column":6},"end":{"line":14,"column":33}},"type":"binary-expr","locations":[{"start":{"line":14,"column":6},"end":{"line":14,"column":12}},{"start":{"line":14,"column":16},"end":{"line":14,"column":33}}],"line":14},"2":{"loc":{"start":{"line":57,"column":39},"end":{"line":57,"column":49}},"type":"default-arg","locations":[{"start":{"line":57,"column":47},"end":{"line":57,"column":49}}],"line":57},"3":{"loc":{"start":{"line":69,"column":2},"end":{"line":71,"column":3}},"type":"if","locations":[{"start":{"line":69,"column":2},"end":{"line":71,"column":3}},{"start":{},"end":{}}],"line":69},"4":{"loc":{"start":{"line":69,"column":6},"end":{"line":69,"column":45}},"type":"binary-expr","locations":[{"start":{"line":69,"column":6},"end":{"line":69,"column":21}},{"start":{"line":69,"column":25},"end":{"line":69,"column":45}}],"line":69}},"s":{"0":1,"1":1,"2":1,"3":1,"4":0,"5":0,"6":0,"7":0,"8":0,"9":0,"10":0,"11":0,"12":0,"13":0,"14":0,"15":0,"16":0,"17":0,"18":0,"19":1},"f":{"0":0,"1":0,"2":0,"3":0,"4":0},"b":{"0":[0,0],"1":[0,0],"2":[0],"3":[0,0],"4":[0,0]},"_coverageSchema":"1a1c01bbd47fc00a2c39e90264f33305004495a9","hash":"13bb06a13cf920edebcf34adfc5dbb159ecda89b"}
,"/home/runner/work/COS498-Group-7-Repo/COS498-Group-7-Repo/server/core/mockResponder.js": {"path":"/home/runner/work/COS498-Group-7-Repo/COS498-Group-7-Repo/server/core/mockResponder.js","statementMap":{"0":{"start":{"line":1,"column":21},"end":{"line":1,"column":45}},"1":{"start":{"line":2,"column":26},"end":{"line":2,"column":56}},"2":{"start":{"line":3,"column":27},"end":{"line":3,"column":58}},"3":{"start":{"line":4,"column":25},"end":{"line":4,"column":54}},"4":{"start":{"line":5,"column":59},"end":{"line":5,"column":84}},"5":{"start":{"line":6,"column":26},"end":{"line":6,"column":56}},"6":{"start":{"line":23,"column":2},"end":{"line":23,"column":60}},"7":{"start":{"line":23,"column":50},"end":{"line":23,"column":60}},"8":{"start":{"line":25,"column":19},"end":{"line":25,"column":21}},"9":{"start":{"line":27,"column":2},"end":{"line":68,"column":3}},"10":{"start":{"line":28,"column":4},"end":{"line":64,"column":5}},"11":{"start":{"line":30,"column":8},"end":{"line":30,"column":83}},"12":{"start":{"line":31,"column":8},"end":{"line":31,"column":86}},"13":{"start":{"line":32,"column":8},"end":{"line":32,"column":14}},"14":{"start":{"line":34,"column":8},"end":{"line":34,"column":85}},"15":{"start":{"line":35,"column":8},"end":{"line":35,"column":14}},"16":{"start":{"line":37,"column":8},"end":{"line":37,"column":83}},"17":{"start":{"line":38,"column":8},"end":{"line":38,"column":92}},"18":{"start":{"line":39,"column":8},"end":{"line":39,"column":14}},"19":{"start":{"line":41,"column":8},"end":{"line":41,"column":85}},"20":{"start":{"line":42,"column":8},"end":{"line":42,"column":14}},"21":{"start":{"line":44,"column":8},"end":{"line":44,"column":86}},"22":{"start":{"line":45,"column":8},"end":{"line":45,"column":99}},"23":{"start":{"line":46,"column":8},"end":{"line":46,"column":14}},"24":{"start":{"line":48,"column":8},"end":{"line":48,"column":89}},"25":{"start":{"line":49,"column":8},"end":{"line":49,"column":83}},"26":{"start":{"line":50,"column":8},"end":{"line":50,"column":14}},"27":{"start":{"line":52,"column":8},"end":{"line":52,"column":83}},"28":{"start":{"line":53,"column":8},"end":{"line":53,"column":85}},"29":{"start":{"line":54,"column":8},"end":{"line":54,"column":85}},"30":{"start":{"line":55,"column":8},"end":{"line":55,"column":89}},"31":{"start":{"line":56,"column":8},"end":{"line":56,"column":86}},"32":{"start":{"line":57,"column":8},"end":{"line":57,"column":14}},"33":{"start":{"line":60,"column":8},"end":{"line":62,"column":9}},"34":{"start":{"line":61,"column":10},"end":{"line":61,"column":87}},"35":{"start":{"line":63,"column":8},"end":{"line":63,"column":14}},"36":{"start":{"line":66,"column":4},"end":{"line":66,"column":84}},"37":{"start":{"line":67,"column":4},"end":{"line":67,"column":72}},"38":{"start":{"line":70,"column":2},"end":{"line":70,"column":39}},"39":{"start":{"line":70,"column":29},"end":{"line":70,"column":39}},"40":{"start":{"line":72,"column":2},"end":{"line":73,"column":26}},"41":{"start":{"line":80,"column":15},"end":{"line":80,"column":57}},"42":{"start":{"line":81,"column":21},"end":{"line":81,"column":53}},"43":{"start":{"line":84,"column":2},"end":{"line":84,"column":56}},"44":{"start":{"line":87,"column":16},"end":{"line":87,"column":32}},"45":{"start":{"line":88,"column":2},"end":{"line":90,"column":3}},"46":{"start":{"line":89,"column":4},"end":{"line":89,"column":95}},"47":{"start":{"line":93,"column":28},"end":{"line":93,"column":73}},"48":{"start":{"line":94,"column":2},"end":{"line":96,"column":3}},"49":{"start":{"line":95,"column":4},"end":{"line":95,"column":89}},"50":{"start":{"line":99,"column":25},"end":{"line":99,"column":76}},"51":{"start":{"line":100,"column":22},"end":{"line":103,"column":15}},"52":{"start":{"line":102,"column":14},"end":{"line":102,"column":67}},"53":{"start":{"line":106,"column":22},"end":{"line":106,"column":100}},"54":{"start":{"line":109,"column":19},"end":{"line":109,"column":75}},"55":{"start":{"line":111,"column":2},"end":{"line":115,"column":3}},"56":{"start":{"line":112,"column":21},"end":{"line":112,"column":92}},"57":{"start":{"line":113,"column":4},"end":{"line":113,"column":67}},"58":{"start":{"line":114,"column":4},"end":{"line":114,"column":88}},"59":{"start":{"line":118,"column":2},"end":{"line":118,"column":65}},"60":{"start":{"line":119,"column":2},"end":{"line":126,"column":4}},"61":{"start":{"line":133,"column":15},"end":{"line":133,"column":37}},"62":{"start":{"line":134,"column":13},"end":{"line":134,"column":42}},"63":{"start":{"line":135,"column":18},"end":{"line":135,"column":42}},"64":{"start":{"line":137,"column":23},"end":{"line":139,"column":8}},"65":{"start":{"line":141,"column":21},"end":{"line":143,"column":8}},"66":{"start":{"line":145,"column":21},"end":{"line":145,"column":39}},"67":{"start":{"line":147,"column":20},"end":{"line":147,"column":43}},"68":{"start":{"line":149,"column":17},"end":{"line":182,"column":30}},"69":{"start":{"line":184,"column":2},"end":{"line":193,"column":3}},"70":{"start":{"line":185,"column":19},"end":{"line":188,"column":5}},"71":{"start":{"line":189,"column":4},"end":{"line":189,"column":127}},"72":{"start":{"line":191,"column":4},"end":{"line":191,"column":68}},"73":{"start":{"line":192,"column":4},"end":{"line":192,"column":92}},"74":{"start":{"line":197,"column":2},"end":{"line":197,"column":91}},"75":{"start":{"line":200,"column":0},"end":{"line":200,"column":54}}},"fnMap":{"0":{"name":"gatherDiagnosticContext","decl":{"start":{"line":22,"column":9},"end":{"line":22,"column":32}},"loc":{"start":{"line":22,"column":40},"end":{"line":74,"column":1}},"line":22},"1":{"name":"respond","decl":{"start":{"line":79,"column":9},"end":{"line":79,"column":16}},"loc":{"start":{"line":79,"column":42},"end":{"line":127,"column":1}},"line":79},"2":{"name":"(anonymous_2)","decl":{"start":{"line":102,"column":9},"end":{"line":102,"column":10}},"loc":{"start":{"line":102,"column":14},"end":{"line":102,"column":67}},"line":102},"3":{"name":"askClaudeCli","decl":{"start":{"line":132,"column":9},"end":{"line":132,"column":21}},"loc":{"start":{"line":132,"column":69},"end":{"line":194,"column":1}},"line":132},"4":{"name":"escapeShellArg","decl":{"start":{"line":196,"column":9},"end":{"line":196,"column":23}},"loc":{"start":{"line":196,"column":29},"end":{"line":198,"column":1}},"line":196}},"branchMap":{"0":{"loc":{"start":{"line":23,"column":2},"end":{"line":23,"column":60}},"type":"if","locations":[{"start":{"line":23,"column":2},"end":{"line":23,"column":60}},{"start":{},"end":{}}],"line":23},"1":{"loc":{"start":{"line":23,"column":6},"end":{"line":23,"column":48}},"type":"binary-expr","locations":[{"start":{"line":23,"column":6},"end":{"line":23,"column":12}},{"start":{"line":23,"column":16},"end":{"line":23,"column":48}}],"line":23},"2":{"loc":{"start":{"line":28,"column":4},"end":{"line":64,"column":5}},"type":"switch","locations":[{"start":{"line":29,"column":6},"end":{"line":32,"column":14}},{"start":{"line":33,"column":6},"end":{"line":35,"column":14}},{"start":{"line":36,"column":6},"end":{"line":39,"column":14}},{"start":{"line":40,"column":6},"end":{"line":42,"column":14}},{"start":{"line":43,"column":6},"end":{"line":46,"column":14}},{"start":{"line":47,"column":6},"end":{"line":50,"column":14}},{"start":{"line":51,"column":6},"end":{"line":57,"column":14}},{"start":{"line":58,"column":6},"end":{"line":63,"column":14}}],"line":28},"3":{"loc":{"start":{"line":60,"column":8},"end":{"line":62,"column":9}},"type":"if","locations":[{"start":{"line":60,"column":8},"end":{"line":62,"column":9}},{"start":{},"end":{}}],"line":60},"4":{"loc":{"start":{"line":60,"column":12},"end":{"line":60,"column":66}},"type":"binary-expr","locations":[{"start":{"line":60,"column":12},"end":{"line":60,"column":24}},{"start":{"line":60,"column":28},"end":{"line":60,"column":66}}],"line":60},"5":{"loc":{"start":{"line":70,"column":2},"end":{"line":70,"column":39}},"type":"if","locations":[{"start":{"line":70,"column":2},"end":{"line":70,"column":39}},{"start":{},"end":{}}],"line":70},"6":{"loc":{"start":{"line":81,"column":21},"end":{"line":81,"column":53}},"type":"binary-expr","locations":[{"start":{"line":81,"column":21},"end":{"line":81,"column":42}},{"start":{"line":81,"column":46},"end":{"line":81,"column":53}}],"line":81},"7":{"loc":{"start":{"line":88,"column":2},"end":{"line":90,"column":3}},"type":"if","locations":[{"start":{"line":88,"column":2},"end":{"line":90,"column":3}},{"start":{},"end":{}}],"line":88},"8":{"loc":{"start":{"line":93,"column":52},"end":{"line":93,"column":72}},"type":"binary-expr","locations":[{"start":{"line":93,"column":52},"end":{"line":93,"column":64}},{"start":{"line":93,"column":68},"end":{"line":93,"column":72}}],"line":93},"9":{"loc":{"start":{"line":94,"column":2},"end":{"line":96,"column":3}},"type":"if","locations":[{"start":{"line":94,"column":2},"end":{"line":96,"column":3}},{"start":{},"end":{}}],"line":94},"10":{"loc":{"start":{"line":102,"column":17},"end":{"line":102,"column":54}},"type":"cond-expr","locations":[{"start":{"line":102,"column":37},"end":{"line":102,"column":43}},{"start":{"line":102,"column":46},"end":{"line":102,"column":54}}],"line":102},"11":{"loc":{"start":{"line":106,"column":60},"end":{"line":106,"column":80}},"type":"binary-expr","locations":[{"start":{"line":106,"column":60},"end":{"line":106,"column":72}},{"start":{"line":106,"column":76},"end":{"line":106,"column":80}}],"line":106},"12":{"loc":{"start":{"line":111,"column":2},"end":{"line":115,"column":3}},"type":"if","locations":[{"start":{"line":111,"column":2},"end":{"line":115,"column":3}},{"start":{},"end":{}}],"line":111},"13":{"loc":{"start":{"line":124,"column":20},"end":{"line":124,"column":44}},"type":"binary-expr","locations":[{"start":{"line":124,"column":20},"end":{"line":124,"column":36}},{"start":{"line":124,"column":40},"end":{"line":124,"column":44}}],"line":124},"14":{"loc":{"start":{"line":125,"column":16},"end":{"line":125,"column":36}},"type":"binary-expr","locations":[{"start":{"line":125,"column":16},"end":{"line":125,"column":28}},{"start":{"line":125,"column":32},"end":{"line":125,"column":36}}],"line":125},"15":{"loc":{"start":{"line":133,"column":15},"end":{"line":133,"column":37}},"type":"binary-expr","locations":[{"start":{"line":133,"column":15},"end":{"line":133,"column":25}},{"start":{"line":133,"column":29},"end":{"line":133,"column":37}}],"line":133},"16":{"loc":{"start":{"line":134,"column":13},"end":{"line":134,"column":42}},"type":"binary-expr","locations":[{"start":{"line":134,"column":13},"end":{"line":134,"column":26}},{"start":{"line":134,"column":30},"end":{"line":134,"column":42}}],"line":134},"17":{"loc":{"start":{"line":135,"column":18},"end":{"line":135,"column":42}},"type":"binary-expr","locations":[{"start":{"line":135,"column":18},"end":{"line":135,"column":37}},{"start":{"line":135,"column":41},"end":{"line":135,"column":42}}],"line":135},"18":{"loc":{"start":{"line":137,"column":23},"end":{"line":139,"column":8}},"type":"cond-expr","locations":[{"start":{"line":138,"column":6},"end":{"line":138,"column":44}},{"start":{"line":139,"column":6},"end":{"line":139,"column":8}}],"line":137},"19":{"loc":{"start":{"line":141,"column":21},"end":{"line":143,"column":8}},"type":"cond-expr","locations":[{"start":{"line":142,"column":6},"end":{"line":142,"column":29}},{"start":{"line":143,"column":6},"end":{"line":143,"column":8}}],"line":141},"20":{"loc":{"start":{"line":147,"column":20},"end":{"line":147,"column":43}},"type":"binary-expr","locations":[{"start":{"line":147,"column":20},"end":{"line":147,"column":37}},{"start":{"line":147,"column":41},"end":{"line":147,"column":43}}],"line":147},"21":{"loc":{"start":{"line":189,"column":11},"end":{"line":189,"column":126}},"type":"binary-expr","locations":[{"start":{"line":189,"column":11},"end":{"line":189,"column":24}},{"start":{"line":189,"column":28},"end":{"line":189,"column":126}}],"line":189}},"s":{"0":1,"1":1,"2":1,"3":1,"4":1,"5":1,"6":11,"7":3,"8":8,"9":8,"10":8,"11":2,"12":2,"13":2,"14":1,"15":1,"16":1,"17":1,"18":1,"19":1,"20":1,"21":1,"22":1,"23":1,"24":1,"25":1,"26":1,"27":1,"28":1,"29":1,"30":1,"31":1,"32":1,"33":0,"34":0,"35":0,"36":0,"37":0,"38":8,"39":0,"40":8,"41":0,"42":0,"43":0,"44":0,"45":0,"46":0,"47":0,"48":0,"49":0,"50":0,"51":0,"52":0,"53":0,"54":0,"55":0,"56":0,"57":0,"58":0,"59":0,"60":0,"61":0,"62":0,"63":0,"64":0,"65":0,"66":0,"67":0,"68":0,"69":0,"70":0,"71":0,"72":0,"73":0,"74":0,"75":1},"f":{"0":11,"1":0,"2":0,"3":0,"4":0},"b":{"0":[3,8],"1":[11,10],"2":[2,1,1,1,1,1,1,0],"3":[0,0],"4":[0,0],"5":[0,8],"6":[0,0],"7":[0,0],"8":[0,0],"9":[0,0],"10":[0,0],"11":[0,0],"12":[0,0],"13":[0,0],"14":[0,0],"15":[0,0],"16":[0,0],"17":[0,0],"18":[0,0],"19":[0,0],"20":[0,0],"21":[0,0]},"_coverageSchema":"1a1c01bbd47fc00a2c39e90264f33305004495a9","hash":"19f13c3f5f629aa9afe025dead4040df46d0f3de"}
,"/home/runner/work/COS498-Group-7-Repo/COS498-Group-7-Repo/server/core/safetyMonitor.js": {"path":"/home/runner/work/COS498-Group-7-Repo/COS498-Group-7-Repo/server/core/safetyMonitor.js","statementMap":{"0":{"start":{"line":1,"column":20},"end":{"line":1,"column":52}},"1":{"start":{"line":3,"column":27},"end":{"line":14,"column":1}},"2":{"start":{"line":17,"column":22},"end":{"line":26,"column":1}},"3":{"start":{"line":29,"column":2},"end":{"line":29,"column":117}},"4":{"start":{"line":32,"column":2},"end":{"line":32,"column":188}},"5":{"start":{"line":39,"column":18},"end":{"line":39,"column":63}},"6":{"start":{"line":41,"column":2},"end":{"line":41,"column":45}},"7":{"start":{"line":44,"column":34},"end":{"line":47,"column":3}},"8":{"start":{"line":44,"column":64},"end":{"line":47,"column":1}},"9":{"start":{"line":51,"column":31},"end":{"line":62,"column":1}},"10":{"start":{"line":77,"column":2},"end":{"line":77,"column":63}},"11":{"start":{"line":77,"column":13},"end":{"line":77,"column":63}},"12":{"start":{"line":80,"column":2},"end":{"line":97,"column":3}},"13":{"start":{"line":81,"column":4},"end":{"line":96,"column":5}},"14":{"start":{"line":82,"column":6},"end":{"line":90,"column":7}},"15":{"start":{"line":83,"column":8},"end":{"line":87,"column":11}},"16":{"start":{"line":89,"column":8},"end":{"line":89,"column":85}},"17":{"start":{"line":91,"column":6},"end":{"line":95,"column":8}},"18":{"start":{"line":100,"column":28},"end":{"line":100,"column":74}},"19":{"start":{"line":100,"column":61},"end":{"line":100,"column":73}},"20":{"start":{"line":101,"column":2},"end":{"line":113,"column":3}},"21":{"start":{"line":103,"column":4},"end":{"line":111,"column":5}},"22":{"start":{"line":104,"column":6},"end":{"line":108,"column":9}},"23":{"start":{"line":110,"column":6},"end":{"line":110,"column":87}},"24":{"start":{"line":112,"column":4},"end":{"line":112,"column":65}},"25":{"start":{"line":116,"column":2},"end":{"line":133,"column":3}},"26":{"start":{"line":117,"column":4},"end":{"line":132,"column":5}},"27":{"start":{"line":118,"column":6},"end":{"line":126,"column":7}},"28":{"start":{"line":119,"column":8},"end":{"line":123,"column":11}},"29":{"start":{"line":125,"column":8},"end":{"line":125,"column":80}},"30":{"start":{"line":127,"column":6},"end":{"line":131,"column":8}},"31":{"start":{"line":135,"column":2},"end":{"line":135,"column":52}},"32":{"start":{"line":138,"column":0},"end":{"line":138,"column":34}}},"fnMap":{"0":{"name":"buildEmergencyRegex","decl":{"start":{"line":38,"column":9},"end":{"line":38,"column":28}},"loc":{"start":{"line":38,"column":37},"end":{"line":42,"column":1}},"line":38},"1":{"name":"(anonymous_1)","decl":{"start":{"line":44,"column":57},"end":{"line":44,"column":58}},"loc":{"start":{"line":44,"column":64},"end":{"line":47,"column":1}},"line":44},"2":{"name":"checkMessage","decl":{"start":{"line":76,"column":9},"end":{"line":76,"column":21}},"loc":{"start":{"line":76,"column":36},"end":{"line":136,"column":1}},"line":76},"3":{"name":"(anonymous_3)","decl":{"start":{"line":100,"column":56},"end":{"line":100,"column":57}},"loc":{"start":{"line":100,"column":61},"end":{"line":100,"column":73}},"line":100}},"branchMap":{"0":{"loc":{"start":{"line":77,"column":2},"end":{"line":77,"column":63}},"type":"if","locations":[{"start":{"line":77,"column":2},"end":{"line":77,"column":63}},{"start":{},"end":{}}],"line":77},"1":{"loc":{"start":{"line":81,"column":4},"end":{"line":96,"column":5}},"type":"if","locations":[{"start":{"line":81,"column":4},"end":{"line":96,"column":5}},{"start":{},"end":{}}],"line":81},"2":{"loc":{"start":{"line":101,"column":2},"end":{"line":113,"column":3}},"type":"if","locations":[{"start":{"line":101,"column":2},"end":{"line":113,"column":3}},{"start":{},"end":{}}],"line":101},"3":{"loc":{"start":{"line":117,"column":4},"end":{"line":132,"column":5}},"type":"if","locations":[{"start":{"line":117,"column":4},"end":{"line":132,"column":5}},{"start":{},"end":{}}],"line":117}},"s":{"0":1,"1":1,"2":1,"3":1,"4":1,"5":10,"6":10,"7":1,"8":10,"9":1,"10":22,"11":3,"12":19,"13":128,"14":9,"15":9,"16":0,"17":9,"18":10,"19":100,"20":10,"21":0,"22":0,"23":0,"24":0,"25":10,"26":54,"27":5,"28":5,"29":0,"30":5,"31":5,"32":1},"f":{"0":10,"1":10,"2":22,"3":100},"b":{"0":[3,19],"1":[9,119],"2":[0,10],"3":[5,49]},"_coverageSchema":"1a1c01bbd47fc00a2c39e90264f33305004495a9","hash":"fd7ad32281f6c18a84c7aaf280dcb49c725f8cb6"}
,"/home/runner/work/COS498-Group-7-Repo/COS498-Group-7-Repo/server/core/skillMatcher.js": {"path":"/home/runner/work/COS498-Group-7-Repo/COS498-Group-7-Repo/server/core/skillMatcher.js","statementMap":{"0":{"start":{"line":1,"column":11},"end":{"line":1,"column":24}},"1":{"start":{"line":2,"column":13},"end":{"line":2,"column":28}},"2":{"start":{"line":4,"column":19},"end":{"line":4,"column":55}},"3":{"start":{"line":10,"column":16},"end":{"line":10,"column":75}},"4":{"start":{"line":10,"column":55},"end":{"line":10,"column":74}},"5":{"start":{"line":11,"column":17},"end":{"line":11,"column":19}},"6":{"start":{"line":13,"column":2},"end":{"line":21,"column":3}},"7":{"start":{"line":14,"column":4},"end":{"line":20,"column":5}},"8":{"start":{"line":15,"column":18},"end":{"line":15,"column":71}},"9":{"start":{"line":16,"column":20},"end":{"line":16,"column":35}},"10":{"start":{"line":17,"column":6},"end":{"line":17,"column":25}},"11":{"start":{"line":19,"column":6},"end":{"line":19,"column":81}},"12":{"start":{"line":23,"column":2},"end":{"line":23,"column":63}},"13":{"start":{"line":24,"column":2},"end":{"line":24,"column":16}},"14":{"start":{"line":28,"column":15},"end":{"line":28,"column":27}},"15":{"start":{"line":31,"column":28},"end":{"line":35,"column":1}},"16":{"start":{"line":49,"column":2},"end":{"line":49,"column":25}},"17":{"start":{"line":49,"column":13},"end":{"line":49,"column":25}},"18":{"start":{"line":51,"column":21},"end":{"line":51,"column":46}},"19":{"start":{"line":52,"column":18},"end":{"line":52,"column":22}},"20":{"start":{"line":53,"column":18},"end":{"line":53,"column":19}},"21":{"start":{"line":54,"column":21},"end":{"line":54,"column":22}},"22":{"start":{"line":56,"column":2},"end":{"line":71,"column":3}},"23":{"start":{"line":57,"column":16},"end":{"line":57,"column":17}},"24":{"start":{"line":58,"column":4},"end":{"line":62,"column":5}},"25":{"start":{"line":59,"column":6},"end":{"line":61,"column":7}},"26":{"start":{"line":60,"column":8},"end":{"line":60,"column":19}},"27":{"start":{"line":64,"column":21},"end":{"line":64,"column":63}},"28":{"start":{"line":66,"column":4},"end":{"line":70,"column":5}},"29":{"start":{"line":67,"column":6},"end":{"line":67,"column":24}},"30":{"start":{"line":68,"column":6},"end":{"line":68,"column":24}},"31":{"start":{"line":69,"column":6},"end":{"line":69,"column":30}},"32":{"start":{"line":73,"column":2},"end":{"line":75,"column":3}},"33":{"start":{"line":74,"column":4},"end":{"line":74,"column":50}},"34":{"start":{"line":77,"column":2},"end":{"line":77,"column":14}},"35":{"start":{"line":88,"column":2},"end":{"line":89,"column":17}},"36":{"start":{"line":97,"column":2},"end":{"line":99,"column":16}},"37":{"start":{"line":98,"column":14},"end":{"line":98,"column":45}},"38":{"start":{"line":107,"column":2},"end":{"line":107,"column":16}},"39":{"start":{"line":110,"column":0},"end":{"line":110,"column":82}}},"fnMap":{"0":{"name":"loadSkills","decl":{"start":{"line":9,"column":9},"end":{"line":9,"column":19}},"loc":{"start":{"line":9,"column":22},"end":{"line":25,"column":1}},"line":9},"1":{"name":"(anonymous_1)","decl":{"start":{"line":10,"column":50},"end":{"line":10,"column":51}},"loc":{"start":{"line":10,"column":55},"end":{"line":10,"column":74}},"line":10},"2":{"name":"matchSkill","decl":{"start":{"line":48,"column":9},"end":{"line":48,"column":19}},"loc":{"start":{"line":48,"column":26},"end":{"line":78,"column":1}},"line":48},"3":{"name":"buildSkillPrompt","decl":{"start":{"line":87,"column":9},"end":{"line":87,"column":25}},"loc":{"start":{"line":87,"column":33},"end":{"line":90,"column":1}},"line":87},"4":{"name":"getSkillsSummary","decl":{"start":{"line":96,"column":9},"end":{"line":96,"column":25}},"loc":{"start":{"line":96,"column":28},"end":{"line":100,"column":1}},"line":96},"5":{"name":"(anonymous_5)","decl":{"start":{"line":98,"column":9},"end":{"line":98,"column":10}},"loc":{"start":{"line":98,"column":14},"end":{"line":98,"column":45}},"line":98},"6":{"name":"getAllSkills","decl":{"start":{"line":106,"column":9},"end":{"line":106,"column":21}},"loc":{"start":{"line":106,"column":24},"end":{"line":108,"column":1}},"line":106}},"branchMap":{"0":{"loc":{"start":{"line":49,"column":2},"end":{"line":49,"column":25}},"type":"if","locations":[{"start":{"line":49,"column":2},"end":{"line":49,"column":25}},{"start":{},"end":{}}],"line":49},"1":{"loc":{"start":{"line":59,"column":6},"end":{"line":61,"column":7}},"type":"if","locations":[{"start":{"line":59,"column":6},"end":{"line":61,"column":7}},{"start":{},"end":{}}],"line":59},"2":{"loc":{"start":{"line":64,"column":21},"end":{"line":64,"column":63}},"type":"binary-expr","locations":[{"start":{"line":64,"column":21},"end":{"line":64,"column":58}},{"start":{"line":64,"column":62},"end":{"line":64,"column":63}}],"line":64},"3":{"loc":{"start":{"line":66,"column":4},"end":{"line":70,"column":5}},"type":"if","locations":[{"start":{"line":66,"column":4},"end":{"line":70,"column":5}},{"start":{},"end":{}}],"line":66},"4":{"loc":{"start":{"line":66,"column":8},"end":{"line":66,"column":90}},"type":"binary-expr","locations":[{"start":{"line":66,"column":8},"end":{"line":66,"column":25}},{"start":{"line":66,"column":30},"end":{"line":66,"column":49}},{"start":{"line":66,"column":53},"end":{"line":66,"column":62}},{"start":{"line":66,"column":66},"end":{"line":66,"column":89}}],"line":66},"5":{"loc":{"start":{"line":73,"column":2},"end":{"line":75,"column":3}},"type":"if","locations":[{"start":{"line":73,"column":2},"end":{"line":75,"column":3}},{"start":{},"end":{}}],"line":73},"6":{"loc":{"start":{"line":73,"column":6},"end":{"line":73,"column":32}},"type":"binary-expr","locations":[{"start":{"line":73,"column":6},"end":{"line":73,"column":15}},{"start":{"line":73,"column":19},"end":{"line":73,"column":32}}],"line":73}},"s":{"0":2,"1":2,"2":2,"3":2,"4":56,"5":2,"6":2,"7":56,"8":56,"9":56,"10":56,"11":0,"12":2,"13":2,"14":2,"15":2,"16":18,"17":2,"18":16,"19":16,"20":16,"21":16,"22":16,"23":448,"24":448,"25":5696,"26":32,"27":448,"28":448,"29":16,"30":16,"31":16,"32":16,"33":15,"34":1,"35":8,"36":2,"37":56,"38":6,"39":2},"f":{"0":2,"1":56,"2":18,"3":8,"4":2,"5":56,"6":6},"b":{"0":[2,16],"1":[32,5664],"2":[448,16],"3":[16,432],"4":[448,432,210,2],"5":[15,1],"6":[16,15]},"_coverageSchema":"1a1c01bbd47fc00a2c39e90264f33305004495a9","hash":"2f81211487373064bf33918c45905aa073c1f061"}
,"/home/runner/work/COS498-Group-7-Repo/COS498-Group-7-Repo/server/core/systemDiagnostics.js": {"path":"/home/runner/work/COS498-Group-7-Repo/COS498-Group-7-Repo/server/core/systemDiagnostics.js","statementMap":{"0":{"start":{"line":10,"column":21},"end":{"line":10,"column":45}},"1":{"start":{"line":11,"column":11},"end":{"line":11,"column":24}},"2":{"start":{"line":12,"column":11},"end":{"line":12,"column":24}},"3":{"start":{"line":13,"column":13},"end":{"line":13,"column":28}},"4":{"start":{"line":15,"column":24},"end":{"line":15,"column":29}},"5":{"start":{"line":21,"column":2},"end":{"line":33,"column":3}},"6":{"start":{"line":22,"column":19},"end":{"line":27,"column":6}},"7":{"start":{"line":28,"column":4},"end":{"line":28,"column":25}},"8":{"start":{"line":30,"column":4},"end":{"line":30,"column":68}},"9":{"start":{"line":30,"column":20},"end":{"line":30,"column":68}},"10":{"start":{"line":32,"column":4},"end":{"line":32,"column":56}},"11":{"start":{"line":40,"column":12},"end":{"line":40,"column":28}},"12":{"start":{"line":41,"column":2},"end":{"line":41,"column":38}},"13":{"start":{"line":41,"column":21},"end":{"line":41,"column":38}},"14":{"start":{"line":42,"column":2},"end":{"line":42,"column":35}},"15":{"start":{"line":42,"column":22},"end":{"line":42,"column":35}},"16":{"start":{"line":43,"column":2},"end":{"line":43,"column":17}},"17":{"start":{"line":52,"column":19},"end":{"line":52,"column":32}},"18":{"start":{"line":56,"column":21},"end":{"line":56,"column":48}},"19":{"start":{"line":58,"column":2},"end":{"line":73,"column":3}},"20":{"start":{"line":60,"column":19},"end":{"line":60,"column":38}},"21":{"start":{"line":61,"column":21},"end":{"line":61,"column":26}},"22":{"start":{"line":62,"column":22},"end":{"line":62,"column":57}},"23":{"start":{"line":63,"column":26},"end":{"line":63,"column":65}},"24":{"start":{"line":64,"column":26},"end":{"line":64,"column":66}},"25":{"start":{"line":65,"column":4},"end":{"line":70,"column":5}},"26":{"start":{"line":66,"column":24},"end":{"line":66,"column":111}},"27":{"start":{"line":67,"column":6},"end":{"line":67,"column":66}},"28":{"start":{"line":69,"column":6},"end":{"line":69,"column":58}},"29":{"start":{"line":72,"column":4},"end":{"line":72,"column":56}},"30":{"start":{"line":74,"column":2},"end":{"line":74,"column":68}},"31":{"start":{"line":76,"column":15},"end":{"line":88,"column":3}},"32":{"start":{"line":91,"column":2},"end":{"line":105,"column":3}},"33":{"start":{"line":92,"column":4},"end":{"line":92,"column":67}},"34":{"start":{"line":93,"column":4},"end":{"line":93,"column":103}},"35":{"start":{"line":94,"column":4},"end":{"line":94,"column":85}},"36":{"start":{"line":95,"column":9},"end":{"line":105,"column":3}},"37":{"start":{"line":96,"column":4},"end":{"line":96,"column":99}},"38":{"start":{"line":97,"column":4},"end":{"line":97,"column":48}},"39":{"start":{"line":99,"column":23},"end":{"line":99,"column":116}},"40":{"start":{"line":100,"column":4},"end":{"line":100,"column":27}},"41":{"start":{"line":102,"column":4},"end":{"line":102,"column":103}},"42":{"start":{"line":103,"column":4},"end":{"line":103,"column":48}},"43":{"start":{"line":104,"column":4},"end":{"line":104,"column":46}},"44":{"start":{"line":108,"column":16},"end":{"line":116,"column":3}},"45":{"start":{"line":118,"column":2},"end":{"line":118,"column":26}},"46":{"start":{"line":125,"column":19},"end":{"line":125,"column":32}},"47":{"start":{"line":126,"column":18},"end":{"line":126,"column":20}},"48":{"start":{"line":129,"column":18},"end":{"line":131,"column":30}},"49":{"start":{"line":132,"column":21},"end":{"line":132,"column":38}},"50":{"start":{"line":133,"column":22},"end":{"line":133,"column":110}},"51":{"start":{"line":134,"column":2},"end":{"line":134,"column":86}},"52":{"start":{"line":137,"column":17},"end":{"line":139,"column":42}},"53":{"start":{"line":140,"column":20},"end":{"line":140,"column":36}},"54":{"start":{"line":141,"column":19},"end":{"line":141,"column":81}},"55":{"start":{"line":142,"column":2},"end":{"line":142,"column":110}},"56":{"start":{"line":145,"column":2},"end":{"line":154,"column":3}},"57":{"start":{"line":146,"column":17},"end":{"line":146,"column":55}},"58":{"start":{"line":147,"column":4},"end":{"line":147,"column":44}},"59":{"start":{"line":148,"column":9},"end":{"line":154,"column":3}},"60":{"start":{"line":149,"column":21},"end":{"line":149,"column":230}},"61":{"start":{"line":150,"column":4},"end":{"line":150,"column":48}},"62":{"start":{"line":152,"column":17},"end":{"line":152,"column":104}},"63":{"start":{"line":153,"column":4},"end":{"line":153,"column":44}},"64":{"start":{"line":157,"column":2},"end":{"line":164,"column":3}},"65":{"start":{"line":158,"column":15},"end":{"line":158,"column":55}},"66":{"start":{"line":159,"column":4},"end":{"line":159,"column":38}},"67":{"start":{"line":161,"column":18},"end":{"line":161,"column":53}},"68":{"start":{"line":162,"column":15},"end":{"line":162,"column":98}},"69":{"start":{"line":163,"column":4},"end":{"line":163,"column":38}},"70":{"start":{"line":167,"column":21},"end":{"line":169,"column":33}},"71":{"start":{"line":170,"column":24},"end":{"line":170,"column":51}},"72":{"start":{"line":171,"column":19},"end":{"line":171,"column":118}},"73":{"start":{"line":172,"column":2},"end":{"line":174,"column":3}},"74":{"start":{"line":173,"column":4},"end":{"line":173,"column":64}},"75":{"start":{"line":176,"column":2},"end":{"line":176,"column":30}},"76":{"start":{"line":183,"column":19},"end":{"line":183,"column":32}},"77":{"start":{"line":185,"column":2},"end":{"line":194,"column":3}},"78":{"start":{"line":187,"column":4},"end":{"line":188,"column":53}},"79":{"start":{"line":189,"column":9},"end":{"line":194,"column":3}},"80":{"start":{"line":191,"column":4},"end":{"line":191,"column":130}},"81":{"start":{"line":193,"column":4},"end":{"line":193,"column":54}},"82":{"start":{"line":201,"column":19},"end":{"line":201,"column":32}},"83":{"start":{"line":202,"column":14},"end":{"line":202,"column":48}},"84":{"start":{"line":204,"column":2},"end":{"line":234,"column":3}},"85":{"start":{"line":205,"column":4},"end":{"line":209,"column":5}},"86":{"start":{"line":206,"column":6},"end":{"line":206,"column":111}},"87":{"start":{"line":207,"column":11},"end":{"line":209,"column":5}},"88":{"start":{"line":208,"column":6},"end":{"line":208,"column":116}},"89":{"start":{"line":210,"column":4},"end":{"line":210,"column":64}},"90":{"start":{"line":211,"column":9},"end":{"line":234,"column":3}},"91":{"start":{"line":212,"column":4},"end":{"line":227,"column":5}},"92":{"start":{"line":213,"column":6},"end":{"line":213,"column":147}},"93":{"start":{"line":214,"column":11},"end":{"line":227,"column":5}},"94":{"start":{"line":216,"column":23},"end":{"line":216,"column":80}},"95":{"start":{"line":217,"column":6},"end":{"line":226,"column":7}},"96":{"start":{"line":218,"column":22},"end":{"line":221,"column":20}},"97":{"start":{"line":219,"column":23},"end":{"line":219,"column":65}},"98":{"start":{"line":222,"column":8},"end":{"line":222,"column":87}},"99":{"start":{"line":222,"column":32},"end":{"line":222,"column":87}},"100":{"start":{"line":223,"column":8},"end":{"line":223,"column":81}},"101":{"start":{"line":223,"column":58},"end":{"line":223,"column":68}},"102":{"start":{"line":225,"column":8},"end":{"line":225,"column":57}},"103":{"start":{"line":228,"column":4},"end":{"line":228,"column":119}},"104":{"start":{"line":230,"column":4},"end":{"line":232,"column":5}},"105":{"start":{"line":231,"column":6},"end":{"line":231,"column":112}},"106":{"start":{"line":233,"column":4},"end":{"line":233,"column":70}},"107":{"start":{"line":244,"column":25},"end":{"line":315,"column":1}},"108":{"start":{"line":318,"column":25},"end":{"line":342,"column":1}},"109":{"start":{"line":345,"column":2},"end":{"line":347,"column":3}},"110":{"start":{"line":346,"column":4},"end":{"line":346,"column":41}},"111":{"start":{"line":349,"column":14},"end":{"line":349,"column":28}},"112":{"start":{"line":352,"column":2},"end":{"line":356,"column":3}},"113":{"start":{"line":353,"column":4},"end":{"line":355,"column":5}},"114":{"start":{"line":354,"column":6},"end":{"line":354,"column":197}},"115":{"start":{"line":359,"column":19},"end":{"line":359,"column":32}},"116":{"start":{"line":360,"column":18},"end":{"line":360,"column":50}},"117":{"start":{"line":361,"column":20},"end":{"line":361,"column":62}},"118":{"start":{"line":361,"column":44},"end":{"line":361,"column":61}},"119":{"start":{"line":363,"column":2},"end":{"line":368,"column":3}},"120":{"start":{"line":364,"column":4},"end":{"line":367,"column":90}},"121":{"start":{"line":370,"column":2},"end":{"line":370,"column":23}},"122":{"start":{"line":377,"column":19},"end":{"line":377,"column":32}},"123":{"start":{"line":378,"column":18},"end":{"line":378,"column":20}},"124":{"start":{"line":381,"column":2},"end":{"line":387,"column":3}},"125":{"start":{"line":382,"column":4},"end":{"line":382,"column":32}},"126":{"start":{"line":383,"column":4},"end":{"line":383,"column":87}},"127":{"start":{"line":385,"column":4},"end":{"line":385,"column":32}},"128":{"start":{"line":386,"column":4},"end":{"line":386,"column":36}},"129":{"start":{"line":390,"column":15},"end":{"line":390,"column":27}},"130":{"start":{"line":391,"column":2},"end":{"line":399,"column":3}},"131":{"start":{"line":392,"column":4},"end":{"line":392,"column":41}},"132":{"start":{"line":393,"column":4},"end":{"line":393,"column":105}},"133":{"start":{"line":394,"column":4},"end":{"line":394,"column":107}},"134":{"start":{"line":395,"column":4},"end":{"line":395,"column":107}},"135":{"start":{"line":397,"column":4},"end":{"line":397,"column":41}},"136":{"start":{"line":398,"column":4},"end":{"line":398,"column":149}},"137":{"start":{"line":402,"column":2},"end":{"line":410,"column":3}},"138":{"start":{"line":403,"column":21},"end":{"line":403,"column":78}},"139":{"start":{"line":404,"column":4},"end":{"line":404,"column":46}},"140":{"start":{"line":405,"column":9},"end":{"line":410,"column":3}},"141":{"start":{"line":406,"column":20},"end":{"line":406,"column":55}},"142":{"start":{"line":407,"column":22},"end":{"line":407,"column":91}},"143":{"start":{"line":408,"column":4},"end":{"line":408,"column":45}},"144":{"start":{"line":409,"column":4},"end":{"line":409,"column":46}},"145":{"start":{"line":412,"column":2},"end":{"line":412,"column":28}},"146":{"start":{"line":419,"column":19},"end":{"line":419,"column":32}},"147":{"start":{"line":421,"column":2},"end":{"line":440,"column":3}},"148":{"start":{"line":422,"column":16},"end":{"line":424,"column":52}},"149":{"start":{"line":425,"column":4},"end":{"line":425,"column":32}},"150":{"start":{"line":426,"column":9},"end":{"line":440,"column":3}},"151":{"start":{"line":428,"column":15},"end":{"line":428,"column":56}},"152":{"start":{"line":429,"column":4},"end":{"line":433,"column":5}},"153":{"start":{"line":430,"column":19},"end":{"line":430,"column":43}},"154":{"start":{"line":431,"column":6},"end":{"line":431,"column":85}},"155":{"start":{"line":431,"column":42},"end":{"line":431,"column":72}},"156":{"start":{"line":432,"column":6},"end":{"line":432,"column":90}},"157":{"start":{"line":432,"column":17},"end":{"line":432,"column":90}},"158":{"start":{"line":434,"column":4},"end":{"line":434,"column":16}},"159":{"start":{"line":436,"column":16},"end":{"line":438,"column":74}},"160":{"start":{"line":439,"column":4},"end":{"line":439,"column":25}},"161":{"start":{"line":447,"column":19},"end":{"line":447,"column":32}},"162":{"start":{"line":449,"column":2},"end":{"line":459,"column":3}},"163":{"start":{"line":450,"column":4},"end":{"line":450,"column":103}},"164":{"start":{"line":451,"column":9},"end":{"line":459,"column":3}},"165":{"start":{"line":452,"column":4},"end":{"line":452,"column":37}},"166":{"start":{"line":454,"column":23},"end":{"line":454,"column":68}},"167":{"start":{"line":455,"column":4},"end":{"line":455,"column":91}},"168":{"start":{"line":455,"column":21},"end":{"line":455,"column":91}},"169":{"start":{"line":456,"column":21},"end":{"line":456,"column":86}},"170":{"start":{"line":457,"column":19},"end":{"line":457,"column":82}},"171":{"start":{"line":458,"column":4},"end":{"line":458,"column":47}},"172":{"start":{"line":462,"column":0},"end":{"line":472,"column":2}}},"fnMap":{"0":{"name":"safeExec","decl":{"start":{"line":20,"column":9},"end":{"line":20,"column":17}},"loc":{"start":{"line":20,"column":52},"end":{"line":34,"column":1}},"line":20},"1":{"name":"getPlatform","decl":{"start":{"line":39,"column":9},"end":{"line":39,"column":20}},"loc":{"start":{"line":39,"column":23},"end":{"line":44,"column":1}},"line":39},"2":{"name":"getSystemInfo","decl":{"start":{"line":51,"column":9},"end":{"line":51,"column":22}},"loc":{"start":{"line":51,"column":25},"end":{"line":119,"column":1}},"line":51},"3":{"name":"checkNetwork","decl":{"start":{"line":124,"column":9},"end":{"line":124,"column":21}},"loc":{"start":{"line":124,"column":24},"end":{"line":177,"column":1}},"line":124},"4":{"name":"listRunningApps","decl":{"start":{"line":182,"column":9},"end":{"line":182,"column":24}},"loc":{"start":{"line":182,"column":27},"end":{"line":195,"column":1}},"line":182},"5":{"name":"readErrorLog","decl":{"start":{"line":200,"column":9},"end":{"line":200,"column":21}},"loc":{"start":{"line":200,"column":30},"end":{"line":235,"column":1}},"line":200},"6":{"name":"(anonymous_6)","decl":{"start":{"line":219,"column":18},"end":{"line":219,"column":19}},"loc":{"start":{"line":219,"column":23},"end":{"line":219,"column":65}},"line":219},"7":{"name":"(anonymous_7)","decl":{"start":{"line":223,"column":53},"end":{"line":223,"column":54}},"loc":{"start":{"line":223,"column":58},"end":{"line":223,"column":68}},"line":223},"8":{"name":"runSafeCommand","decl":{"start":{"line":344,"column":9},"end":{"line":344,"column":23}},"loc":{"start":{"line":344,"column":33},"end":{"line":371,"column":1}},"line":344},"9":{"name":"(anonymous_9)","decl":{"start":{"line":361,"column":33},"end":{"line":361,"column":34}},"loc":{"start":{"line":361,"column":44},"end":{"line":361,"column":61}},"line":361},"10":{"name":"checkDiskHealth","decl":{"start":{"line":376,"column":9},"end":{"line":376,"column":24}},"loc":{"start":{"line":376,"column":27},"end":{"line":413,"column":1}},"line":376},"11":{"name":"checkInstalledSoftware","decl":{"start":{"line":418,"column":9},"end":{"line":418,"column":31}},"loc":{"start":{"line":418,"column":44},"end":{"line":441,"column":1}},"line":418},"12":{"name":"(anonymous_12)","decl":{"start":{"line":431,"column":37},"end":{"line":431,"column":38}},"loc":{"start":{"line":431,"column":42},"end":{"line":431,"column":72}},"line":431},"13":{"name":"getBatteryStatus","decl":{"start":{"line":446,"column":9},"end":{"line":446,"column":25}},"loc":{"start":{"line":446,"column":28},"end":{"line":460,"column":1}},"line":446}},"branchMap":{"0":{"loc":{"start":{"line":20,"column":23},"end":{"line":20,"column":50}},"type":"default-arg","locations":[{"start":{"line":20,"column":35},"end":{"line":20,"column":50}}],"line":20},"1":{"loc":{"start":{"line":30,"column":4},"end":{"line":30,"column":68}},"type":"if","locations":[{"start":{"line":30,"column":4},"end":{"line":30,"column":68}},{"start":{},"end":{}}],"line":30},"2":{"loc":{"start":{"line":32,"column":11},"end":{"line":32,"column":55}},"type":"cond-expr","locations":[{"start":{"line":32,"column":24},"end":{"line":32,"column":41}},{"start":{"line":32,"column":44},"end":{"line":32,"column":55}}],"line":32},"3":{"loc":{"start":{"line":41,"column":2},"end":{"line":41,"column":38}},"type":"if","locations":[{"start":{"line":41,"column":2},"end":{"line":41,"column":38}},{"start":{},"end":{}}],"line":41},"4":{"loc":{"start":{"line":42,"column":2},"end":{"line":42,"column":35}},"type":"if","locations":[{"start":{"line":42,"column":2},"end":{"line":42,"column":35}},{"start":{},"end":{}}],"line":42},"5":{"loc":{"start":{"line":58,"column":2},"end":{"line":73,"column":3}},"type":"if","locations":[{"start":{"line":58,"column":2},"end":{"line":73,"column":3}},{"start":{"line":71,"column":9},"end":{"line":73,"column":3}}],"line":58},"6":{"loc":{"start":{"line":65,"column":4},"end":{"line":70,"column":5}},"type":"if","locations":[{"start":{"line":65,"column":4},"end":{"line":70,"column":5}},{"start":{"line":68,"column":11},"end":{"line":70,"column":5}}],"line":65},"7":{"loc":{"start":{"line":65,"column":8},"end":{"line":65,"column":34}},"type":"binary-expr","locations":[{"start":{"line":65,"column":8},"end":{"line":65,"column":17}},{"start":{"line":65,"column":21},"end":{"line":65,"column":34}}],"line":65},"8":{"loc":{"start":{"line":66,"column":87},"end":{"line":66,"column":110}},"type":"binary-expr","locations":[{"start":{"line":66,"column":87},"end":{"line":66,"column":105}},{"start":{"line":66,"column":109},"end":{"line":66,"column":110}}],"line":66},"9":{"loc":{"start":{"line":91,"column":2},"end":{"line":105,"column":3}},"type":"if","locations":[{"start":{"line":91,"column":2},"end":{"line":105,"column":3}},{"start":{"line":95,"column":9},"end":{"line":105,"column":3}}],"line":91},"10":{"loc":{"start":{"line":92,"column":22},"end":{"line":92,"column":66}},"type":"binary-expr","locations":[{"start":{"line":92,"column":22},"end":{"line":92,"column":37}},{"start":{"line":92,"column":41},"end":{"line":92,"column":66}}],"line":92},"11":{"loc":{"start":{"line":93,"column":15},"end":{"line":93,"column":102}},"type":"binary-expr","locations":[{"start":{"line":93,"column":15},"end":{"line":93,"column":79}},{"start":{"line":93,"column":83},"end":{"line":93,"column":102}}],"line":93},"12":{"loc":{"start":{"line":95,"column":9},"end":{"line":105,"column":3}},"type":"if","locations":[{"start":{"line":95,"column":9},"end":{"line":105,"column":3}},{"start":{"line":101,"column":9},"end":{"line":105,"column":3}}],"line":95},"13":{"loc":{"start":{"line":97,"column":15},"end":{"line":97,"column":47}},"type":"binary-expr","locations":[{"start":{"line":97,"column":15},"end":{"line":97,"column":34}},{"start":{"line":97,"column":38},"end":{"line":97,"column":47}}],"line":97},"14":{"loc":{"start":{"line":99,"column":23},"end":{"line":99,"column":116}},"type":"binary-expr","locations":[{"start":{"line":99,"column":23},"end":{"line":99,"column":83}},{"start":{"line":99,"column":87},"end":{"line":99,"column":116}}],"line":99},"15":{"loc":{"start":{"line":102,"column":22},"end":{"line":102,"column":102}},"type":"binary-expr","locations":[{"start":{"line":102,"column":22},"end":{"line":102,"column":75}},{"start":{"line":102,"column":79},"end":{"line":102,"column":102}}],"line":102},"16":{"loc":{"start":{"line":103,"column":15},"end":{"line":103,"column":47}},"type":"binary-expr","locations":[{"start":{"line":103,"column":15},"end":{"line":103,"column":34}},{"start":{"line":103,"column":38},"end":{"line":103,"column":47}}],"line":103},"17":{"loc":{"start":{"line":129,"column":18},"end":{"line":131,"column":30}},"type":"cond-expr","locations":[{"start":{"line":130,"column":6},"end":{"line":130,"column":33}},{"start":{"line":131,"column":6},"end":{"line":131,"column":30}}],"line":129},"18":{"loc":{"start":{"line":133,"column":22},"end":{"line":133,"column":110}},"type":"binary-expr","locations":[{"start":{"line":133,"column":22},"end":{"line":133,"column":50}},{"start":{"line":133,"column":54},"end":{"line":133,"column":80}},{"start":{"line":133,"column":84},"end":{"line":133,"column":110}}],"line":133},"19":{"loc":{"start":{"line":134,"column":39},"end":{"line":134,"column":82}},"type":"cond-expr","locations":[{"start":{"line":134,"column":53},"end":{"line":134,"column":64}},{"start":{"line":134,"column":67},"end":{"line":134,"column":82}}],"line":134},"20":{"loc":{"start":{"line":137,"column":17},"end":{"line":139,"column":42}},"type":"cond-expr","locations":[{"start":{"line":138,"column":6},"end":{"line":138,"column":27}},{"start":{"line":139,"column":6},"end":{"line":139,"column":42}}],"line":137},"21":{"loc":{"start":{"line":141,"column":19},"end":{"line":141,"column":81}},"type":"binary-expr","locations":[{"start":{"line":141,"column":19},"end":{"line":141,"column":48}},{"start":{"line":141,"column":52},"end":{"line":141,"column":81}}],"line":141},"22":{"loc":{"start":{"line":142,"column":34},"end":{"line":142,"column":106}},"type":"cond-expr","locations":[{"start":{"line":142,"column":45},"end":{"line":142,"column":54}},{"start":{"line":142,"column":57},"end":{"line":142,"column":106}}],"line":142},"23":{"loc":{"start":{"line":145,"column":2},"end":{"line":154,"column":3}},"type":"if","locations":[{"start":{"line":145,"column":2},"end":{"line":154,"column":3}},{"start":{"line":148,"column":9},"end":{"line":154,"column":3}}],"line":145},"24":{"loc":{"start":{"line":148,"column":9},"end":{"line":154,"column":3}},"type":"if","locations":[{"start":{"line":148,"column":9},"end":{"line":154,"column":3}},{"start":{"line":151,"column":9},"end":{"line":154,"column":3}}],"line":148},"25":{"loc":{"start":{"line":157,"column":2},"end":{"line":164,"column":3}},"type":"if","locations":[{"start":{"line":157,"column":2},"end":{"line":164,"column":3}},{"start":{"line":160,"column":9},"end":{"line":164,"column":3}}],"line":157},"26":{"loc":{"start":{"line":161,"column":18},"end":{"line":161,"column":53}},"type":"cond-expr","locations":[{"start":{"line":161,"column":39},"end":{"line":161,"column":44}},{"start":{"line":161,"column":47},"end":{"line":161,"column":53}}],"line":161},"27":{"loc":{"start":{"line":167,"column":21},"end":{"line":169,"column":33}},"type":"cond-expr","locations":[{"start":{"line":168,"column":6},"end":{"line":168,"column":28}},{"start":{"line":169,"column":6},"end":{"line":169,"column":33}}],"line":167},"28":{"loc":{"start":{"line":171,"column":19},"end":{"line":171,"column":118}},"type":"binary-expr","locations":[{"start":{"line":171,"column":19},"end":{"line":171,"column":70}},{"start":{"line":171,"column":74},"end":{"line":171,"column":118}}],"line":171},"29":{"loc":{"start":{"line":172,"column":2},"end":{"line":174,"column":3}},"type":"if","locations":[{"start":{"line":172,"column":2},"end":{"line":174,"column":3}},{"start":{},"end":{}}],"line":172},"30":{"loc":{"start":{"line":185,"column":2},"end":{"line":194,"column":3}},"type":"if","locations":[{"start":{"line":185,"column":2},"end":{"line":194,"column":3}},{"start":{"line":189,"column":9},"end":{"line":194,"column":3}}],"line":185},"31":{"loc":{"start":{"line":187,"column":11},"end":{"line":188,"column":52}},"type":"binary-expr","locations":[{"start":{"line":187,"column":11},"end":{"line":187,"column":95}},{"start":{"line":188,"column":11},"end":{"line":188,"column":52}}],"line":187},"32":{"loc":{"start":{"line":189,"column":9},"end":{"line":194,"column":3}},"type":"if","locations":[{"start":{"line":189,"column":9},"end":{"line":194,"column":3}},{"start":{"line":192,"column":9},"end":{"line":194,"column":3}}],"line":189},"33":{"loc":{"start":{"line":202,"column":15},"end":{"line":202,"column":33}},"type":"binary-expr","locations":[{"start":{"line":202,"column":15},"end":{"line":202,"column":21}},{"start":{"line":202,"column":25},"end":{"line":202,"column":33}}],"line":202},"34":{"loc":{"start":{"line":204,"column":2},"end":{"line":234,"column":3}},"type":"if","locations":[{"start":{"line":204,"column":2},"end":{"line":234,"column":3}},{"start":{"line":211,"column":9},"end":{"line":234,"column":3}}],"line":204},"35":{"loc":{"start":{"line":205,"column":4},"end":{"line":209,"column":5}},"type":"if","locations":[{"start":{"line":205,"column":4},"end":{"line":209,"column":5}},{"start":{"line":207,"column":11},"end":{"line":209,"column":5}}],"line":205},"36":{"loc":{"start":{"line":207,"column":11},"end":{"line":209,"column":5}},"type":"if","locations":[{"start":{"line":207,"column":11},"end":{"line":209,"column":5}},{"start":{},"end":{}}],"line":207},"37":{"loc":{"start":{"line":211,"column":9},"end":{"line":234,"column":3}},"type":"if","locations":[{"start":{"line":211,"column":9},"end":{"line":234,"column":3}},{"start":{"line":229,"column":9},"end":{"line":234,"column":3}}],"line":211},"38":{"loc":{"start":{"line":212,"column":4},"end":{"line":227,"column":5}},"type":"if","locations":[{"start":{"line":212,"column":4},"end":{"line":227,"column":5}},{"start":{"line":214,"column":11},"end":{"line":227,"column":5}}],"line":212},"39":{"loc":{"start":{"line":214,"column":11},"end":{"line":227,"column":5}},"type":"if","locations":[{"start":{"line":214,"column":11},"end":{"line":227,"column":5}},{"start":{},"end":{}}],"line":214},"40":{"loc":{"start":{"line":219,"column":23},"end":{"line":219,"column":65}},"type":"binary-expr","locations":[{"start":{"line":219,"column":23},"end":{"line":219,"column":43}},{"start":{"line":219,"column":47},"end":{"line":219,"column":65}}],"line":219},"41":{"loc":{"start":{"line":222,"column":8},"end":{"line":222,"column":87}},"type":"if","locations":[{"start":{"line":222,"column":8},"end":{"line":222,"column":87}},{"start":{},"end":{}}],"line":222},"42":{"loc":{"start":{"line":230,"column":4},"end":{"line":232,"column":5}},"type":"if","locations":[{"start":{"line":230,"column":4},"end":{"line":232,"column":5}},{"start":{},"end":{}}],"line":230},"43":{"loc":{"start":{"line":345,"column":2},"end":{"line":347,"column":3}},"type":"if","locations":[{"start":{"line":345,"column":2},"end":{"line":347,"column":3}},{"start":{},"end":{}}],"line":345},"44":{"loc":{"start":{"line":345,"column":6},"end":{"line":345,"column":45}},"type":"binary-expr","locations":[{"start":{"line":345,"column":6},"end":{"line":345,"column":14}},{"start":{"line":345,"column":18},"end":{"line":345,"column":45}}],"line":345},"45":{"loc":{"start":{"line":353,"column":4},"end":{"line":355,"column":5}},"type":"if","locations":[{"start":{"line":353,"column":4},"end":{"line":355,"column":5}},{"start":{},"end":{}}],"line":353},"46":{"loc":{"start":{"line":360,"column":18},"end":{"line":360,"column":50}},"type":"binary-expr","locations":[{"start":{"line":360,"column":18},"end":{"line":360,"column":44}},{"start":{"line":360,"column":48},"end":{"line":360,"column":50}}],"line":360},"47":{"loc":{"start":{"line":363,"column":2},"end":{"line":368,"column":3}},"type":"if","locations":[{"start":{"line":363,"column":2},"end":{"line":368,"column":3}},{"start":{},"end":{}}],"line":363},"48":{"loc":{"start":{"line":381,"column":2},"end":{"line":387,"column":3}},"type":"if","locations":[{"start":{"line":381,"column":2},"end":{"line":387,"column":3}},{"start":{"line":384,"column":9},"end":{"line":387,"column":3}}],"line":381},"49":{"loc":{"start":{"line":391,"column":2},"end":{"line":399,"column":3}},"type":"if","locations":[{"start":{"line":391,"column":2},"end":{"line":399,"column":3}},{"start":{"line":396,"column":9},"end":{"line":399,"column":3}}],"line":391},"50":{"loc":{"start":{"line":393,"column":17},"end":{"line":393,"column":103}},"type":"binary-expr","locations":[{"start":{"line":393,"column":17},"end":{"line":393,"column":97}},{"start":{"line":393,"column":101},"end":{"line":393,"column":103}}],"line":393},"51":{"loc":{"start":{"line":394,"column":17},"end":{"line":394,"column":105}},"type":"binary-expr","locations":[{"start":{"line":394,"column":17},"end":{"line":394,"column":99}},{"start":{"line":394,"column":103},"end":{"line":394,"column":105}}],"line":394},"52":{"loc":{"start":{"line":395,"column":17},"end":{"line":395,"column":105}},"type":"binary-expr","locations":[{"start":{"line":395,"column":17},"end":{"line":395,"column":99}},{"start":{"line":395,"column":103},"end":{"line":395,"column":105}}],"line":395},"53":{"loc":{"start":{"line":402,"column":2},"end":{"line":410,"column":3}},"type":"if","locations":[{"start":{"line":402,"column":2},"end":{"line":410,"column":3}},{"start":{"line":405,"column":9},"end":{"line":410,"column":3}}],"line":402},"54":{"loc":{"start":{"line":405,"column":9},"end":{"line":410,"column":3}},"type":"if","locations":[{"start":{"line":405,"column":9},"end":{"line":410,"column":3}},{"start":{},"end":{}}],"line":405},"55":{"loc":{"start":{"line":421,"column":2},"end":{"line":440,"column":3}},"type":"if","locations":[{"start":{"line":421,"column":2},"end":{"line":440,"column":3}},{"start":{"line":426,"column":9},"end":{"line":440,"column":3}}],"line":421},"56":{"loc":{"start":{"line":422,"column":16},"end":{"line":424,"column":52}},"type":"cond-expr","locations":[{"start":{"line":423,"column":8},"end":{"line":423,"column":108}},{"start":{"line":424,"column":8},"end":{"line":424,"column":52}}],"line":422},"57":{"loc":{"start":{"line":426,"column":9},"end":{"line":440,"column":3}},"type":"if","locations":[{"start":{"line":426,"column":9},"end":{"line":440,"column":3}},{"start":{"line":435,"column":9},"end":{"line":440,"column":3}}],"line":426},"58":{"loc":{"start":{"line":429,"column":4},"end":{"line":433,"column":5}},"type":"if","locations":[{"start":{"line":429,"column":4},"end":{"line":433,"column":5}},{"start":{},"end":{}}],"line":429},"59":{"loc":{"start":{"line":432,"column":6},"end":{"line":432,"column":90}},"type":"if","locations":[{"start":{"line":432,"column":6},"end":{"line":432,"column":90}},{"start":{},"end":{}}],"line":432},"60":{"loc":{"start":{"line":436,"column":16},"end":{"line":438,"column":74}},"type":"cond-expr","locations":[{"start":{"line":437,"column":8},"end":{"line":437,"column":104}},{"start":{"line":438,"column":8},"end":{"line":438,"column":74}}],"line":436},"61":{"loc":{"start":{"line":449,"column":2},"end":{"line":459,"column":3}},"type":"if","locations":[{"start":{"line":449,"column":2},"end":{"line":459,"column":3}},{"start":{"line":451,"column":9},"end":{"line":459,"column":3}}],"line":449},"62":{"loc":{"start":{"line":451,"column":9},"end":{"line":459,"column":3}},"type":"if","locations":[{"start":{"line":451,"column":9},"end":{"line":459,"column":3}},{"start":{"line":453,"column":9},"end":{"line":459,"column":3}}],"line":451},"63":{"loc":{"start":{"line":455,"column":4},"end":{"line":455,"column":91}},"type":"if","locations":[{"start":{"line":455,"column":4},"end":{"line":455,"column":91}},{"start":{},"end":{}}],"line":455}},"s":{"0":3,"1":3,"2":3,"3":3,"4":3,"5":68,"6":68,"7":53,"8":15,"9":0,"10":15,"11":40,"12":40,"13":0,"14":40,"15":0,"16":40,"17":9,"18":9,"19":9,"20":0,"21":0,"22":0,"23":0,"24":0,"25":0,"26":0,"27":0,"28":0,"29":9,"30":9,"31":9,"32":9,"33":0,"34":0,"35":0,"36":9,"37":0,"38":0,"39":0,"40":0,"41":9,"42":9,"43":9,"44":9,"45":9,"46":5,"47":5,"48":5,"49":5,"50":5,"51":5,"52":5,"53":5,"54":5,"55":5,"56":5,"57":0,"58":0,"59":5,"60":0,"61":0,"62":5,"63":5,"64":5,"65":0,"66":0,"67":5,"68":5,"69":5,"70":5,"71":5,"72":5,"73":5,"74":0,"75":5,"76":6,"77":6,"78":0,"79":6,"80":0,"81":6,"82":3,"83":3,"84":3,"85":0,"86":0,"87":0,"88":0,"89":0,"90":3,"91":0,"92":0,"93":0,"94":0,"95":0,"96":0,"97":0,"98":0,"99":0,"100":0,"101":0,"102":0,"103":0,"104":3,"105":3,"106":0,"107":3,"108":3,"109":25,"110":2,"111":23,"112":23,"113":258,"114":19,"115":4,"116":4,"117":4,"118":10,"119":4,"120":0,"121":4,"122":4,"123":4,"124":4,"125":0,"126":0,"127":4,"128":4,"129":4,"130":4,"131":0,"132":0,"133":0,"134":0,"135":4,"136":4,"137":4,"138":0,"139":0,"140":4,"141":0,"142":0,"143":0,"144":0,"145":4,"146":4,"147":4,"148":0,"149":0,"150":4,"151":0,"152":0,"153":0,"154":0,"155":0,"156":0,"157":0,"158":0,"159":4,"160":4,"161":4,"162":4,"163":0,"164":4,"165":0,"166":4,"167":4,"168":4,"169":0,"170":0,"171":0,"172":3},"f":{"0":68,"1":40,"2":9,"3":5,"4":6,"5":3,"6":0,"7":0,"8":25,"9":10,"10":4,"11":4,"12":0,"13":4},"b":{"0":[63],"1":[0,15],"2":[0,15],"3":[0,40],"4":[0,40],"5":[0,9],"6":[0,0],"7":[0,0],"8":[0,0],"9":[0,9],"10":[0,0],"11":[0,0],"12":[0,9],"13":[0,0],"14":[0,0],"15":[9,0],"16":[9,0],"17":[0,5],"18":[5,5,5],"19":[0,5],"20":[0,5],"21":[5,0],"22":[5,0],"23":[0,5],"24":[0,5],"25":[0,5],"26":[0,5],"27":[0,5],"28":[5,5],"29":[0,5],"30":[0,6],"31":[0,0],"32":[0,6],"33":[3,0],"34":[0,3],"35":[0,0],"36":[0,0],"37":[0,3],"38":[0,0],"39":[0,0],"40":[0,0],"41":[0,0],"42":[3,0],"43":[2,23],"44":[25,23],"45":[19,239],"46":[4,0],"47":[0,4],"48":[0,4],"49":[0,4],"50":[0,0],"51":[0,0],"52":[0,0],"53":[0,4],"54":[0,4],"55":[0,4],"56":[0,0],"57":[0,4],"58":[0,0],"59":[0,0],"60":[1,3],"61":[0,4],"62":[0,4],"63":[4,0]},"_coverageSchema":"1a1c01bbd47fc00a2c39e90264f33305004495a9","hash":"144057f09e0d1cee3ceec114f9bdd738ca7f426b"}
,"/home/runner/work/COS498-Group-7-Repo/COS498-Group-7-Repo/server/core/taskClassifier.js": {"path":"/home/runner/work/COS498-Group-7-Repo/COS498-Group-7-Repo/server/core/taskClassifier.js","statementMap":{"0":{"start":{"line":1,"column":18},"end":{"line":1,"column":46}},"1":{"start":{"line":2,"column":28},"end":{"line":2,"column":48}},"2":{"start":{"line":4,"column":0},"end":{"line":6,"column":1}},"3":{"start":{"line":5,"column":2},"end":{"line":5,"column":124}},"4":{"start":{"line":8,"column":15},"end":{"line":8,"column":57}},"5":{"start":{"line":10,"column":21},"end":{"line":10,"column":47}},"6":{"start":{"line":11,"column":25},"end":{"line":11,"column":97}},"7":{"start":{"line":12,"column":22},"end":{"line":12,"column":47}},"8":{"start":{"line":15,"column":25},"end":{"line":22,"column":28}},"9":{"start":{"line":24,"column":23},"end":{"line":36,"column":94}},"10":{"start":{"line":38,"column":22},"end":{"line":38,"column":104}},"11":{"start":{"line":40,"column":2},"end":{"line":67,"column":3}},"12":{"start":{"line":41,"column":21},"end":{"line":46,"column":6}},"13":{"start":{"line":48,"column":20},"end":{"line":48,"column":59}},"14":{"start":{"line":49,"column":21},"end":{"line":49,"column":91}},"15":{"start":{"line":52,"column":4},"end":{"line":57,"column":5}},"16":{"start":{"line":53,"column":6},"end":{"line":53,"column":36}},"17":{"start":{"line":55,"column":6},"end":{"line":55,"column":82}},"18":{"start":{"line":56,"column":6},"end":{"line":56,"column":76}},"19":{"start":{"line":59,"column":21},"end":{"line":59,"column":93}},"20":{"start":{"line":60,"column":18},"end":{"line":60,"column":96}},"21":{"start":{"line":61,"column":20},"end":{"line":61,"column":83}},"22":{"start":{"line":63,"column":4},"end":{"line":63,"column":40}},"23":{"start":{"line":65,"column":4},"end":{"line":65,"column":69}},"24":{"start":{"line":66,"column":4},"end":{"line":66,"column":74}},"25":{"start":{"line":70,"column":0},"end":{"line":70,"column":37}}},"fnMap":{"0":{"name":"classifyMessage","decl":{"start":{"line":14,"column":15},"end":{"line":14,"column":30}},"loc":{"start":{"line":14,"column":50},"end":{"line":68,"column":1}},"line":14}},"branchMap":{"0":{"loc":{"start":{"line":4,"column":0},"end":{"line":6,"column":1}},"type":"if","locations":[{"start":{"line":4,"column":0},"end":{"line":6,"column":1}},{"start":{},"end":{}}],"line":4},"1":{"loc":{"start":{"line":15,"column":25},"end":{"line":22,"column":28}},"type":"cond-expr","locations":[{"start":{"line":16,"column":6},"end":{"line":21,"column":18}},{"start":{"line":22,"column":6},"end":{"line":22,"column":28}}],"line":15},"2":{"loc":{"start":{"line":17,"column":17},"end":{"line":17,"column":46}},"type":"binary-expr","locations":[{"start":{"line":17,"column":17},"end":{"line":17,"column":33}},{"start":{"line":17,"column":37},"end":{"line":17,"column":46}}],"line":17},"3":{"loc":{"start":{"line":18,"column":15},"end":{"line":18,"column":47}},"type":"binary-expr","locations":[{"start":{"line":18,"column":15},"end":{"line":18,"column":34}},{"start":{"line":18,"column":38},"end":{"line":18,"column":47}}],"line":18},"4":{"loc":{"start":{"line":19,"column":29},"end":{"line":19,"column":68}},"type":"binary-expr","locations":[{"start":{"line":19,"column":29},"end":{"line":19,"column":57}},{"start":{"line":19,"column":61},"end":{"line":19,"column":68}}],"line":19},"5":{"loc":{"start":{"line":20,"column":26},"end":{"line":20,"column":97}},"type":"cond-expr","locations":[{"start":{"line":20,"column":68},"end":{"line":20,"column":93}},{"start":{"line":20,"column":96},"end":{"line":20,"column":97}}],"line":20},"6":{"loc":{"start":{"line":48,"column":20},"end":{"line":48,"column":59}},"type":"binary-expr","locations":[{"start":{"line":48,"column":20},"end":{"line":48,"column":53}},{"start":{"line":48,"column":57},"end":{"line":48,"column":59}}],"line":48},"7":{"loc":{"start":{"line":59,"column":21},"end":{"line":59,"column":93}},"type":"cond-expr","locations":[{"start":{"line":59,"column":66},"end":{"line":59,"column":81}},{"start":{"line":59,"column":84},"end":{"line":59,"column":93}}],"line":59},"8":{"loc":{"start":{"line":60,"column":18},"end":{"line":60,"column":96}},"type":"cond-expr","locations":[{"start":{"line":60,"column":53},"end":{"line":60,"column":79}},{"start":{"line":60,"column":82},"end":{"line":60,"column":96}}],"line":60},"9":{"loc":{"start":{"line":61,"column":20},"end":{"line":61,"column":83}},"type":"cond-expr","locations":[{"start":{"line":61,"column":61},"end":{"line":61,"column":75}},{"start":{"line":61,"column":78},"end":{"line":61,"column":83}}],"line":61}},"s":{"0":1,"1":1,"2":1,"3":0,"4":1,"5":1,"6":1,"7":1,"8":22,"9":22,"10":22,"11":22,"12":22,"13":21,"14":21,"15":21,"16":21,"17":2,"18":2,"19":19,"20":19,"21":19,"22":19,"23":1,"24":1,"25":1},"f":{"0":22},"b":{"0":[0,1],"1":[20,2],"2":[20,0],"3":[20,0],"4":[20,0],"5":[20,0],"6":[21,1],"7":[17,2],"8":[18,1],"9":[17,2]},"_coverageSchema":"1a1c01bbd47fc00a2c39e90264f33305004495a9","hash":"482e8c70780edec46b4d5d960d4965b4b6671832"}
,"/home/runner/work/COS498-Group-7-Repo/COS498-Group-7-Repo/server/core/userProfileManager.js": {"path":"/home/runner/work/COS498-Group-7-Repo/COS498-Group-7-Repo/server/core/userProfileManager.js","statementMap":{"0":{"start":{"line":1,"column":13},"end":{"line":1,"column":38}},"1":{"start":{"line":2,"column":19},"end":{"line":2,"column":50}},"2":{"start":{"line":9,"column":14},"end":{"line":9,"column":24}},"3":{"start":{"line":10,"column":15},"end":{"line":10,"column":44}},"4":{"start":{"line":11,"column":17},"end":{"line":11,"column":27}},"5":{"start":{"line":12,"column":19},"end":{"line":12,"column":61}},"6":{"start":{"line":14,"column":2},"end":{"line":14,"column":35}},"7":{"start":{"line":14,"column":20},"end":{"line":14,"column":35}},"8":{"start":{"line":15,"column":2},"end":{"line":15,"column":41}},"9":{"start":{"line":15,"column":22},"end":{"line":15,"column":41}},"10":{"start":{"line":16,"column":2},"end":{"line":16,"column":50}},"11":{"start":{"line":16,"column":20},"end":{"line":16,"column":50}},"12":{"start":{"line":17,"column":2},"end":{"line":17,"column":41}},"13":{"start":{"line":17,"column":21},"end":{"line":17,"column":41}},"14":{"start":{"line":18,"column":2},"end":{"line":18,"column":68}},"15":{"start":{"line":18,"column":21},"end":{"line":18,"column":68}},"16":{"start":{"line":19,"column":2},"end":{"line":19,"column":42}},"17":{"start":{"line":19,"column":21},"end":{"line":19,"column":42}},"18":{"start":{"line":20,"column":2},"end":{"line":20,"column":51}},"19":{"start":{"line":23,"column":27},"end":{"line":113,"column":1}},"20":{"start":{"line":30,"column":4},"end":{"line":30,"column":47}},"21":{"start":{"line":30,"column":13},"end":{"line":30,"column":47}},"22":{"start":{"line":31,"column":21},"end":{"line":31,"column":38}},"23":{"start":{"line":32,"column":4},"end":{"line":32,"column":34}},"24":{"start":{"line":32,"column":18},"end":{"line":32,"column":34}},"25":{"start":{"line":33,"column":4},"end":{"line":33,"column":31}},"26":{"start":{"line":44,"column":20},"end":{"line":44,"column":167}},"27":{"start":{"line":45,"column":21},"end":{"line":45,"column":23}},"28":{"start":{"line":46,"column":4},"end":{"line":50,"column":5}},"29":{"start":{"line":47,"column":6},"end":{"line":49,"column":7}},"30":{"start":{"line":48,"column":8},"end":{"line":48,"column":36}},"31":{"start":{"line":51,"column":4},"end":{"line":51,"column":37}},"32":{"start":{"line":61,"column":17},"end":{"line":61,"column":34}},"33":{"start":{"line":62,"column":4},"end":{"line":62,"column":57}},"34":{"start":{"line":62,"column":15},"end":{"line":62,"column":57}},"35":{"start":{"line":64,"column":24},"end":{"line":64,"column":51}},"36":{"start":{"line":67,"column":21},"end":{"line":67,"column":43}},"37":{"start":{"line":68,"column":21},"end":{"line":68,"column":40}},"38":{"start":{"line":71,"column":23},"end":{"line":71,"column":61}},"39":{"start":{"line":74,"column":22},"end":{"line":74,"column":77}},"40":{"start":{"line":77,"column":24},"end":{"line":77,"column":134}},"41":{"start":{"line":80,"column":21},"end":{"line":80,"column":23}},"42":{"start":{"line":81,"column":4},"end":{"line":87,"column":5}},"43":{"start":{"line":82,"column":6},"end":{"line":86,"column":7}},"44":{"start":{"line":83,"column":8},"end":{"line":85,"column":9}},"45":{"start":{"line":84,"column":10},"end":{"line":84,"column":45}},"46":{"start":{"line":88,"column":22},"end":{"line":88,"column":45}},"47":{"start":{"line":90,"column":4},"end":{"line":95,"column":5}},"48":{"start":{"line":91,"column":6},"end":{"line":91,"column":48}},"49":{"start":{"line":93,"column":24},"end":{"line":93,"column":106}},"50":{"start":{"line":93,"column":43},"end":{"line":93,"column":94}},"51":{"start":{"line":94,"column":6},"end":{"line":94,"column":54}},"52":{"start":{"line":98,"column":29},"end":{"line":98,"column":31}},"53":{"start":{"line":99,"column":4},"end":{"line":103,"column":5}},"54":{"start":{"line":100,"column":6},"end":{"line":100,"column":72}},"55":{"start":{"line":102,"column":6},"end":{"line":102,"column":30}},"56":{"start":{"line":104,"column":30},"end":{"line":104,"column":130}},"57":{"start":{"line":107,"column":21},"end":{"line":109,"column":39}},"58":{"start":{"line":111,"column":4},"end":{"line":111,"column":110}},"59":{"start":{"line":115,"column":0},"end":{"line":115,"column":36}}},"fnMap":{"0":{"name":"relativeTime","decl":{"start":{"line":8,"column":9},"end":{"line":8,"column":21}},"loc":{"start":{"line":8,"column":33},"end":{"line":21,"column":1}},"line":8},"1":{"name":"(anonymous_1)","decl":{"start":{"line":29,"column":2},"end":{"line":29,"column":3}},"loc":{"start":{"line":29,"column":22},"end":{"line":34,"column":3}},"line":29},"2":{"name":"(anonymous_2)","decl":{"start":{"line":43,"column":2},"end":{"line":43,"column":3}},"loc":{"start":{"line":43,"column":28},"end":{"line":52,"column":3}},"line":43},"3":{"name":"(anonymous_3)","decl":{"start":{"line":60,"column":2},"end":{"line":60,"column":3}},"loc":{"start":{"line":60,"column":26},"end":{"line":112,"column":3}},"line":60},"4":{"name":"(anonymous_4)","decl":{"start":{"line":93,"column":38},"end":{"line":93,"column":39}},"loc":{"start":{"line":93,"column":43},"end":{"line":93,"column":94}},"line":93}},"branchMap":{"0":{"loc":{"start":{"line":14,"column":2},"end":{"line":14,"column":35}},"type":"if","locations":[{"start":{"line":14,"column":2},"end":{"line":14,"column":35}},{"start":{},"end":{}}],"line":14},"1":{"loc":{"start":{"line":15,"column":2},"end":{"line":15,"column":41}},"type":"if","locations":[{"start":{"line":15,"column":2},"end":{"line":15,"column":41}},{"start":{},"end":{}}],"line":15},"2":{"loc":{"start":{"line":16,"column":2},"end":{"line":16,"column":50}},"type":"if","locations":[{"start":{"line":16,"column":2},"end":{"line":16,"column":50}},{"start":{},"end":{}}],"line":16},"3":{"loc":{"start":{"line":17,"column":2},"end":{"line":17,"column":41}},"type":"if","locations":[{"start":{"line":17,"column":2},"end":{"line":17,"column":41}},{"start":{},"end":{}}],"line":17},"4":{"loc":{"start":{"line":18,"column":2},"end":{"line":18,"column":68}},"type":"if","locations":[{"start":{"line":18,"column":2},"end":{"line":18,"column":68}},{"start":{},"end":{}}],"line":18},"5":{"loc":{"start":{"line":19,"column":2},"end":{"line":19,"column":42}},"type":"if","locations":[{"start":{"line":19,"column":2},"end":{"line":19,"column":42}},{"start":{},"end":{}}],"line":19},"6":{
[...]
,"end":{}}],"line":9},"2":{"loc":{"start":{"line":12,"column":4},"end":{"line":14,"column":5}},"type":"if","locations":[{"start":{"line":12,"column":4},"end":{"line":14,"column":5}},{"start":{},"end":{}}],"line":12},"3":{"loc":{"start":{"line":12,"column":8},"end":{"line":12,"column":61}},"type":"binary-expr","locations":[{"start":{"line":12,"column":8},"end":{"line":12,"column":33}},{"start":{"line":12,"column":37},"end":{"line":12,"column":47}},{"start":{"line":12,"column":51},"end":{"line":12,"column":61}}],"line":12},"4":{"loc":{"start":{"line":17,"column":4},"end":{"line":25,"column":5}},"type":"if","locations":[{"start":{"line":17,"column":4},"end":{"line":25,"column":5}},{"start":{},"end":{}}],"line":17},"5":{"loc":{"start":{"line":17,"column":8},"end":{"line":17,"column":59}},"type":"binary-expr","locations":[{"start":{"line":17,"column":8},"end":{"line":17,"column":34}},{"start":{"line":17,"column":38},"end":{"line":17,"column":59}}],"line":17},"6":{"loc":{"start":{"line":18,"column":6},"end":{"line":20,"column":7}},"type":"if","locations":[{"start":{"line":18,"column":6},"end":{"line":20,"column":7}},{"start":{},"end":{}}],"line":18},"7":{"loc":{"start":{"line":22,"column":6},"end":{"line":24,"column":7}},"type":"if","locations":[{"start":{"line":22,"column":6},"end":{"line":24,"column":7}},{"start":{},"end":{}}],"line":22},"8":{"loc":{"start":{"line":27,"column":15},"end":{"line":27,"column":34}},"type":"binary-expr","locations":[{"start":{"line":27,"column":15},"end":{"line":27,"column":22}},{"start":{"line":27,"column":26},"end":{"line":27,"column":34}}],"line":27},"9":{"loc":{"start":{"line":37,"column":11},"end":{"line":37,"column":89}},"type":"binary-expr","locations":[{"start":{"line":37,"column":11},"end":{"line":37,"column":81}},{"start":{"line":37,"column":85},"end":{"line":37,"column":89}}],"line":37},"10":{"loc":{"start":{"line":41,"column":11},"end":{"line":41,"column":114}},"type":"binary-expr","locations":[{"start":{"line":41,"column":11},"end":{"line":41,"column":106}},{"start":{"line":41,"column":110},"end":{"line":41,"column":114}}],"line":41},"11":{"loc":{"start":{"line":63,"column":22},"end":{"line":63,"column":60}},"type":"cond-expr","locations":[{"start":{"line":63,"column":38},"end":{"line":63,"column":53}},{"start":{"line":63,"column":56},"end":{"line":63,"column":60}}],"line":63}},"s":{"0":2,"1":2,"2":2,"3":2,"4":20,"5":1,"6":19,"7":1,"8":18,"9":18,"10":6,"11":12,"12":12,"13":4,"14":1,"15":3,"16":3,"17":2,"18":11,"19":11,"20":10,"21":10,"22":2,"23":2,"24":2,"25":2,"26":2,"27":3,"28":2,"29":2},"f":{"0":20,"1":10,"2":2,"3":2},"b":{"0":[1,19],"1":[1,18],"2":[6,12],"3":[18,16,13],"4":[4,8],"5":[12,4],"6":[1,3],"7":[2,1],"8":[11,11],"9":[10,0],"10":[2,1],"11":[1,1]},"_coverageSchema":"1a1c01bbd47fc00a2c39e90264f33305004495a9","hash":"43ab4b98c0d9b338b9047c1883b95bee7b22b41d"}
,"/home/runner/work/COS498-Group-7-Repo/COS498-Group-7-Repo/server/models/Message.js": {"path":"/home/runner/work/COS498-Group-7-Repo/COS498-Group-7-Repo/server/models/Message.js","statementMap":{"0":{"start":{"line":1,"column":11},"end":{"line":1,"column":36}},"1":{"start":{"line":2,"column":23},"end":{"line":2,"column":38}},"2":{"start":{"line":4,"column":16},"end":{"line":43,"column":1}},"3":{"start":{"line":6,"column":4},"end":{"line":6,"column":94}},"4":{"start":{"line":6,"column":31},"end":{"line":6,"column":94}},"5":{"start":{"line":7,"column":4},"end":{"line":7,"column":72}},"6":{"start":{"line":7,"column":20},"end":{"line":7,"column":72}},"7":{"start":{"line":8,"column":4},"end":{"line":8,"column":72}},"8":{"start":{"line":8,"column":20},"end":{"line":8,"column":72}},"9":{"start":{"line":9,"column":15},"end":{"line":9,"column":34}},"10":{"start":{"line":10,"column":16},"end":{"line":10,"column":40}},"11":{"start":{"line":11,"column":17},"end":{"line":14,"column":6}},"12":{"start":{"line":15,"column":4},"end":{"line":21,"column":6}},"13":{"start":{"line":22,"column":4},"end":{"line":22,"column":29}},"14":{"start":{"line":26,"column":4},"end":{"line":26,"column":77}},"15":{"start":{"line":30,"column":4},"end":{"line":32,"column":5}},"16":{"start":{"line":31,"column":6},"end":{"line":31,"column":135}},"17":{"start":{"line":33,"column":4},"end":{"line":33,"column":118}},"18":{"start":{"line":37,"column":4},"end":{"line":41,"column":34}},"19":{"start":{"line":45,"column":0},"end":{"line":45,"column":25}}},"fnMap":{"0":{"name":"(anonymous_0)","decl":{"start":{"line":5,"column":2},"end":{"line":5,"column":3}},"loc":{"start":{"line":5,"column":15},"end":{"line":23,"column":3}},"line":5},"1":{"name":"(anonymous_1)","decl":{"start":{"line":25,"column":2},"end":{"line":25,"column":3}},"loc":{"start":{"line":25,"column":15},"end":{"line":27,"column":3}},"line":25},"2":{"name":"(anonymous_2)","decl":{"start":{"line":29,"column":2},"end":{"line":29,"column":3}},"loc":{"start":{"line":29,"column":46},"end":{"line":34,"column":3}},"line":29},"3":{"name":"(anonymous_3)","decl":{"start":{"line":36,"column":2},"end":{"line":36,"column":3}},"loc":{"start":{"line":36,"column":40},"end":{"line":42,"column":3}},"line":36}},"branchMap":{"0":{"loc":{"start":{"line":6,"column":4},"end":{"line":6,"column":94}},"type":"if","locations":[{"start":{"line":6,"column":4},"end":{"line":6,"column":94}},{"start":{},"end":{}}],"line":6},"1":{"loc":{"start":{"line":7,"column":4},"end":{"line":7,"column":72}},"type":"if","locations":[{"start":{"line":7,"column":4},"end":{"line":7,"column":72}},{"start":{},"end":{}}],"line":7},"2":{"loc":{"start":{"line":8,"column":4},"end":{"line":8,"column":72}},"type":"if","locations":[{"start":{"line":8,"column":4},"end":{"line":8,"column":72}},{"start":{},"end":{}}],"line":8},"3":{"loc":{"start":{"line":9,"column":15},"end":{"line":9,"column":34}},"type":"binary-expr","locations":[{"start":{"line":9,"column":15},"end":{"line":9,"column":22}},{"start":{"line":9,"column":26},"end":{"line":9,"column":34}}],"line":9},"4":{"loc":{"start":{"line":20,"column":6},"end":{"line":20,"column":28}},"type":"binary-expr","locations":[{"start":{"line":20,"column":6},"end":{"line":20,"column":21}},{"start":{"line":20,"column":25},"end":{"line":20,"column":28}}],"line":20},"5":{"loc":{"start":{"line":26,"column":11},"end":{"line":26,"column":76}},"type":"binary-expr","locations":[{"start":{"line":26,"column":11},"end":{"line":26,"column":68}},{"start":{"line":26,"column":72},"end":{"line":26,"column":76}}],"line":26},"6":{"loc":{"start":{"line":30,"column":4},"end":{"line":32,"column":5}},"type":"if","locations":[{"start":{"line":30,"column":4},"end":{"line":32,"column":5}},{"start":{},"end":{}}],"line":30},"7":{"loc":{"start":{"line":36,"column":28},"end":{"line":36,"column":38}},"type":"default-arg","locations":[{"start":{"line":36,"column":36},"end":{"line":36,"column":38}}],"line":36}},"s":{"0":1,"1":1,"2":1,"3":0,"4":0,"5":0,"6":0,"7":0,"8":0,"9":0,"10":0,"11":0,"12":0,"13":0,"14":0,"15":0,"16":0,"17":0,"18":0,"19":1},"f":{"0":0,"1":0,"2":0,"3":0},"b":{"0":[0,0],"1":[0,0],"2":[0,0],"3":[0,0],"4":[0,0],"5":[0,0],"6":[0,0],"7":[0]},"_coverageSchema":"1a1c01bbd47fc00a2c39e90264f33305004495a9","hash":"8984a19addca48f09653fe474bd57ed5c5fd6260"}
,"/home/runner/work/COS498-Group-7-Repo/COS498-Group-7-Repo/server/models/SafetyEvent.js": {"path":"/home/runner/work/COS498-Group-7-Repo/COS498-Group-7-Repo/server/models/SafetyEvent.js","statementMap":{"0":{"start":{"line":1,"column":11},"end":{"line":1,"column":36}},"1":{"start":{"line":2,"column":23},"end":{"line":2,"column":38}},"2":{"start":{"line":4,"column":20},"end":{"line":31,"column":1}},"3":{"start":{"line":6,"column":4},"end":{"line":6,"column":82}},"4":{"start":{"line":6,"column":23},"end":{"line":6,"column":82}},"5":{"start":{"line":7,"column":4},"end":{"line":7,"column":88}},"6":{"start":{"line":7,"column":26},"end":{"line":7,"column":88}},"7":{"start":{"line":8,"column":15},"end":{"line":8,"column":34}},"8":{"start":{"line":9,"column":16},"end":{"line":9,"column":40}},"9":{"start":{"line":10,"column":17},"end":{"line":13,"column":6}},"10":{"start":{"line":14,"column":4},"end":{"line":20,"column":6}},"11":{"start":{"line":21,"column":4},"end":{"line":21,"column":29}},"12":{"start":{"line":25,"column":4},"end":{"line":25,"column":82}},"13":{"start":{"line":29,"column":4},"end":{"line":29,"column":108}},"14":{"start":{"line":33,"column":0},"end":{"line":33,"column":29}}},"fnMap":{"0":{"name":"(anonymous_0)","decl":{"start":{"line":5,"column":2},"end":{"line":5,"column":3}},"loc":{"start":{"line":5,"column":15},"end":{"line":22,"column":3}},"line":5},"1":{"name":"(anonymous_1)","decl":{"start":{"line":24,"column":2},"end":{"line":24,"column":3}},"loc":{"start":{"line":24,"column":15},"end":{"line":26,"column":3}},"line":24},"2":{"name":"(anonymous_2)","decl":{"start":{"line":28,"column":2},"end":{"line":28,"column":3}},"loc":{"start":{"line":28,"column":23},"end":{"line":30,"column":3}},"line":28}},"branchMap":{"0":{"loc":{"start":{"line":6,"column":4},"end":{"line":6,"column":82}},"type":"if","locations":[{"start":{"line":6,"column":4},"end":{"line":6,"column":82}},{"start":{},"end":{}}],"line":6},"1":{"loc":{"start":{"line":7,"column":4},"end":{"line":7,"column":88}},"type":"if","locations":[{"start":{"line":7,"column":4},"end":{"line":7,"column":88}},{"start":{},"end":{}}],"line":7},"2":{"loc":{"start":{"line":8,"column":15},"end":{"line":8,"column":34}},"type":"binary-expr","locations":[{"start":{"line":8,"column":15},"end":{"line":8,"column":22}},{"start":{"line":8,"column":26},"end":{"line":8,"column":34}}],"line":8},"3":{"loc":{"start":{"line":18,"column":6},"end":{"line":18,"column":31}},"type":"binary-expr","locations":[{"start":{"line":18,"column":6},"end":{"line":18,"column":23}},{"start":{"line":18,"column":27},"end":{"line":18,"column":31}}],"line":18},"4":{"loc":{"start":{"line":19,"column":6},"end":{"line":19,"column":28}},"type":"binary-expr","locations":[{"start":{"line":19,"column":6},"end":{"line":19,"column":21}},{"start":{"line":19,"column":25},"end":{"line":19,"column":28}}],"line":19},"5":{"loc":{"start":{"line":25,"column":11},"end":{"line":25,"column":81}},"type":"binary-expr","locations":[{"start":{"line":25,"column":11},"end":{"line":25,"column":73}},{"start":{"line":25,"column":77},"end":{"line":25,"column":81}}],"line":25}},"s":{"0":1,"1":1,"2":1,"3":0,"4":0,"5":0,"6":0,"7":0,"8":0,"9":0,"10":0,"11":0,"12":0,"13":0,"14":1},"f":{"0":0,"1":0,"2":0},"b":{"0":[0,0],"1":[0,0],"2":[0,0],"3":[0,0],"4":[0,0],"5":[0,0]},"_coverageSchema":"1a1c01bbd47fc00a2c39e90264f33305004495a9","hash":"91134f11527b88d6037cf48fce378e46e09469a1"}
,"/home/runner/work/COS498-Group-7-Repo/COS498-Group-7-Repo/server/models/SkillEvent.js": {"path":"/home/runner/work/COS498-Group-7-Repo/COS498-Group-7-Repo/server/models/SkillEvent.js","statementMap":{"0":{"start":{"line":1,"column":11},"end":{"line":1,"column":36}},"1":{"start":{"line":2,"column":23},"end":{"line":2,"column":38}},"2":{"start":{"line":4,"column":19},"end":{"line":35,"column":1}},"3":{"start":{"line":6,"column":4},"end":{"line":6,"column":81}},"4":{"start":{"line":6,"column":23},"end":{"line":6,"column":81}},"5":{"start":{"line":7,"column":4},"end":{"line":7,"column":87}},"6":{"start":{"line":7,"column":26},"end":{"line":7,"column":87}},"7":{"start":{"line":8,"column":15},"end":{"line":8,"column":34}},"8":{"start":{"line":9,"column":16},"end":{"line":9,"column":40}},"9":{"start":{"line":10,"column":17},"end":{"line":13,"column":6}},"10":{"start":{"line":14,"column":4},"end":{"line":20,"column":6}},"11":{"start":{"line":21,"column":4},"end":{"line":21,"column":29}},"12":{"start":{"line":25,"column":4},"end":{"line":25,"column":81}},"13":{"start":{"line":29,"column":4},"end":{"line":29,"column":109}},"14":{"start":{"line":33,"column":4},"end":{"line":33,"column":139}},"15":{"start":{"line":37,"column":0},"end":{"line":37,"column":28}}},"fnMap":{"0":{"name":"(anonymous_0)","decl":{"start":{"line":5,"column":2},"end":{"line":5,"column":3}},"loc":{"start":{"line":5,"column":15},"end":{"line":22,"column":3}},"line":5},"1":{"name":"(anonymous_1)","decl":{"start":{"line":24,"column":2},"end":{"line":24,"column":3}},"loc":{"start":{"line":24,"column":15},"end":{"line":26,"column":3}},"line":24},"2":{"name":"(anonymous_2)","decl":{"start":{"line":28,"column":2},"end":{"line":28,"column":3}},"loc":{"start":{"line":28,"column":23},"end":{"line":30,"column":3}},"line":28},"3":{"name":"(anonymous_3)","decl":{"start":{"line":32,"column":2},"end":{"line":32,"column":3}},"loc":{"start":{"line":32,"column":37},"end":{"line":34,"column":3}},"line":32}},"branchMap":{"0":{"loc":{"start":{"line":6,"column":4},"end":{"line":6,"column":81}},"type":"if","locations":[{"start":{"line":6,"column":4},"end":{"line":6,"column":81}},{"start":{},"end":{}}],"line":6},"1":{"loc":{"start":{"line":7,"column":4},"end":{"line":7,"column":87}},"type":"if","locations":[{"start":{"line":7,"column":4},"end":{"line":7,"column":87}},{"start":{},"end":{}}],"line":7},"2":{"loc":{"start":{"line":8,"column":15},"end":{"line":8,"column":34}},"type":"binary-expr","locations":[{"start":{"line":8,"column":15},"end":{"line":8,"column":22}},{"start":{"line":8,"column":26},"end":{"line":8,"column":34}}],"line":8},"3":{"loc":{"start":{"line":18,"column":6},"end":{"line":18,"column":30}},"type":"binary-expr","locations":[{"start":{"line":18,"column":6},"end":{"line":18,"column":17}},{"start":{"line":18,"column":21},"end":{"line":18,"column":30}}],"line":18},"4":{"loc":{"start":{"line":19,"column":6},"end":{"line":19,"column":30}},"type":"binary-expr","locations":[{"start":{"line":19,"column":6},"end":{"line":19,"column":23}},{"start":{"line":19,"column":27},"end":{"line":19,"column":30}}],"line":19},"5":{"loc":{"start":{"line":25,"column":11},"end":{"line":25,"column":80}},"type":"binary-expr","locations":[{"start":{"line":25,"column":11},"end":{"line":25,"column":72}},{"start":{"line":25,"column":76},"end":{"line":25,"column":80}}],"line":25}},"s":{"0":1,"1":1,"2":1,"3":0,"4":0,"5":0,"6":0,"7":0,"8":0,"9":0,"10":0,"11":0,"12":0,"13":0,"14":0,"15":1},"f":{"0":0,"1":0,"2":0,"3":0},"b":{"0":[0,0],"1":[0,0],"2":[0,0],"3":[0,0],"4":[0,0],"5":[0,0]},"_coverageSchema":"1a1c01bbd47fc00a2c39e90264f33305004495a9","hash":"f25d9d79bb7d25af6f64de8a30f9b576e95c5885"}
,"/home/runner/work/COS498-Group-7-Repo/COS498-Group-7-Repo/server/models/User.js": {"path":"/home/runner/work/COS498-Group-7-Repo/COS498-Group-7-Repo/server/models/User.js","statementMap":{"0":{"start":{"line":1,"column":11},"end":{"line":1,"column":36}},"1":{"start":{"line":2,"column":23},"end":{"line":2,"column":38}},"2":{"start":{"line":4,"column":13},"end":{"line":60,"column":1}},"3":{"start":{"line":6,"column":15},"end":{"line":6,"column":34}},"4":{"start":{"line":7,"column":16},"end":{"line":7,"column":40}},"5":{"start":{"line":8,"column":17},"end":{"line":11,"column":6}},"6":{"start":{"line":12,"column":4},"end":{"line":22,"column":6}},"7":{"start":{"line":23,"column":4},"end":{"line":23,"column":29}},"8":{"start":{"line":27,"column":4},"end":{"line":27,"column":74}},"9":{"start":{"line":31,"column":4},"end":{"line":31,"column":76}},"10":{"start":{"line":35,"column":20},"end":{"line":35,"column":167}},"11":{"start":{"line":36,"column":20},"end":{"line":36,"column":22}},"12":{"start":{"line":37,"column":19},"end":{"line":37,"column":21}},"13":{"start":{"line":39,"column":4},"end":{"line":44,"column":5}},"14":{"start":{"line":40,"column":6},"end":{"line":43,"column":7}},"15":{"start":{"line":41,"column":8},"end":{"line":41,"column":35}},"16":{"start":{"line":42,"column":8},"end":{"line":42,"column":33}},"17":{"start":{"line":46,"column":4},"end":{"line":46,"column":55}},"18":{"start":{"line":46,"column":30},"end":{"line":46,"column":55}},"19":{"start":{"line":48,"column":4},"end":{"line":48,"column":35}},"20":{"start":{"line":49,"column":4},"end":{"line":49,"column":42}},"21":{"start":{"line":50,"column":4},"end":{"line":50,"column":20}},"22":{"start":{"line":52,"column":4},"end":{"line":52,"column":85}},"23":{"start":{"line":53,"column":4},"end":{"line":53,"column":29}},"24":{"start":{"line":57,"column":19},"end":{"line":57,"column":71}},"25":{"start":{"line":58,"column":4},"end":{"line":58,"column":30}},"26":{"start":{"line":62,"column":0},"end":{"line":62,"column":22}}},"fnMap":{"0":{"name":"(anonymous_0)","decl":{"start":{"line":5,"column":2},"end":{"line":5,"column":3}},"loc":{"start":{"line":5,"column":15},"end":{"line":24,"column":3}},"line":5},"1":{"name":"(anonymous_1)","decl":{"start":{"line":26,"column":2},"end":{"line":26,"column":3}},"loc":{"start":{"line":26,"column":15},"end":{"line":28,"column":3}},"line":26},"2":{"name":"(anonymous_2)","decl":{"start":{"line":30,"column":2},"end":{"line":30,"column":3}},"loc":{"start":{"line":30,"column":12},"end":{"line":32,"column":3}},"line":30},"3":{"name":"(anonymous_3)","decl":{"start":{"line":34,"column":2},"end":{"line":34,"column":3}},"loc":{"start":{"line":34,"column":21},"end":{"line":54,"column":3}},"line":34},"4":{"name":"(anonymous_4)","decl":{"start":{"line":56,"column":2},"end":{"line":56,"column":3}},"loc":{"start":{"line":56,"column":13},"end":{"line":59,"column":3}},"line":56}},"branchMap":{"0":{"loc":{"start":{"line":6,"column":15},"end":{"line":6,"column":34}},"type":"binary-expr","locations":[{"start":{"line":6,"column":15},"end":{"line":6,"column":22}},{"start":{"line":6,"column":26},"end":{"line":6,"column":34}}],"line":6},"1":{"loc":{"start":{"line":14,"column":6},"end":{"line":14,"column":23}},"type":"binary-expr","locations":[{"start":{"line":14,"column":6},"end":{"line":14,"column":15}},{"start":{"line":14,"column":19},"end":{"line":14,"column":23}}],"line":14},"2":{"loc":{"start":{"line":15,"column":6},"end":{"line":15,"column":26}},"type":"binary-expr","locations":[{"start":{"line":15,"column":6},"end":{"line":15,"column":18}},{"start":{"line":15,"column":22},"end":{"line":15,"column":26}}],"line":15},"3":{"loc":{"start":{"line":16,"column":6},"end":{"line":16,"column":38}},"type":"binary-expr","locations":[{"start":{"line":16,"column":6},"end":{"line":16,"column":27}},{"start":{"line":16,"column":31},"end":{"line":16,"column":38}}],"line":16},"4":{"loc":{"start":{"line":17,"column":6},"end":{"line":17,"column":38}},"type":"binary-expr","locations":[{"start":{"line":17,"column":6},"end":{"line":17,"column":30}},{"start":{"line":17,"column":34},"end":{"line":17,"column":38}}],"line":17},"5":{"loc":{"start":{"line":18,"column":6},"end":{"line":18,"column":63}},"type":"cond-expr","locations":[{"start":{"line":18,"column":41},"end":{"line":18,"column":59}},{"start":{"line":18,"column":62},"end":{"line":18,"column":63}}],"line":18},"6":{"loc":{"start":{"line":19,"column":6},"end":{"line":19,"column":55}},"type":"cond-expr","locations":[{"start":{"line":19,"column":37},"end":{"line":19,"column":51}},{"start":{"line":19,"column":54},"end":{"line":19,"column":55}}],"line":19},"7":{"loc":{"start":{"line":27,"column":11},"end":{"line":27,"column":73}},"type":"binary-expr","locations":[{"start":{"line":27,"column":11},"end":{"line":27,"column":65}},{"start":{"line":27,"column":69},"end":{"line":27,"column":73}}],"line":27},"8":{"loc":{"start":{"line":40,"column":6},"end":{"line":43,"column":7}},"type":"if","locations":[{"start":{"line":40,"column":6},"end":{"line":43,"column":7}},{"start":{},"end":{}}],"line":40},"9":{"loc":{"start":{"line":46,"column":4},"end":{"line":46,"column":55}},"type":"if","locations":[{"start":{"line":46,"column":4},"end":{"line":46,"column":55}},{"start":{},"end":{}}],"line":46}},"s":{"0":1,"1":1,"2":1,"3":0,"4":0,"5":0,"6":0,"7":0,"8":0,"9":0,"10":0,"11":0,"12":0,"13":0,"14":0,"15":0,"16":0,"17":0,"18":0,"19":0,"20":0,"21":0,"22":0,"23":0,"24":0,"25":0,"26":1},"f":{"0":0,"1":0,"2":0,"3":0,"4":0},"b":{"0":[0,0],"1":[0,0],"2":[0,0],"3":[0,0],"4":[0,0],"5":[0,0],"6":[0,0],"7":[0,0],"8":[0,0],"9":[0,0]},"_coverageSchema":"1a1c01bbd47fc00a2c39e90264f33305004495a9","hash":"9eda468ae14cab37d770416be6fb17743e89c543"}
}
