TN:
SF:server/core/conversationExporter.js
FN:19,exportConversation
FN:38,(anonymous_1)
FN:45,(anonymous_2)
FN:67,(anonymous_3)
FN:68,(anonymous_4)
FN:83,(anonymous_5)
FN:103,exportAll
FNF:7
FNH:7
FNDA:12,exportConversation
FNDA:4,(anonymous_1)
FNDA:2,(anonymous_2)
FNDA:3,(anonymous_3)
FNDA:1,(anonymous_4)
FNDA:18,(anonymous_5)
FNDA:4,exportAll
DA:1,2
DA:2,2
DA:3,2
DA:4,2
DA:5,2
DA:6,2
DA:7,2
DA:8,2
DA:10,2
DA:20,12
DA:21,12
DA:22,1
DA:23,1
DA:27,11
DA:28,11
DA:30,2
DA:34,9
DA:37,9
DA:38,9
DA:39,4
DA:44,9
DA:45,9
DA:46,2
DA:51,9
DA:54,9
DA:55,9
DA:56,9
DA:58,9
DA:67,3
DA:68,1
DA:83,18
DA:91,9
DA:92,9
DA:93,9
DA:94,9
DA:95,9
DA:96,9
DA:104,4
DA:108,4
DA:109,4
DA:110,3
DA:111,3
DA:112,2
DA:113,2
DA:117,4
DA:118,4
DA:121,2
LF:47
LH:47
BRDA:21,0,0,1
BRDA:21,0,1,11
BRDA:28,1,0,2
BRDA:28,1,1,9
BRDA:39,2,0,4
BRDA:39,2,1,3
BRDA:39,2,2,3
BRDA:46,3,0,2
BRDA:46,3,1,1
BRDA:46,3,2,1
BRDA:54,4,0,9
BRDA:54,4,1,1
BRDA:55,5,0,9
BRDA:55,5,1,1
BRDA:56,6,0,9
BRDA:56,6,1,0
BRDA:64,7,0,9
BRDA:64,7,1,1
BRDA:65,8,0,9
BRDA:65,8,1,1
BRDA:76,9,0,1
BRDA:76,9,1,8
BRDA:84,10,0,9
BRDA:84,10,1,9
BRDA:111,11,0,2
BRDA:111,11,1,1
BRDA:113,12,0,1
BRDA:113,12,1,1
BRF:28
BRH:27
end_of_record
TN:
SF:server/core/conversationState.js
FN:12,getOrCreateSession
FN:25,closeSession
FN:47,abandonStale
FN:57,getSessionMessages
FN:68,addMessage
FNF:5
FNH:5
FNDA:3,getOrCreateSession
FNDA:3,closeSession
FNDA:2,abandonStale
FNDA:2,getSessionMessages
FNDA:5,addMessage
DA:1,2
DA:2,2
DA:3,2
DA:5,2
DA:13,3
DA:14,3
DA:15,1
DA:17,2
DA:26,3
DA:27,3
DA:33,3
DA:34,3
DA:36,1
DA:39,3
DA:48,2
DA:58,2
DA:69,5
DA:70,3
DA:72,2
DA:79,2
LF:20
LH:20
BRDA:14,0,0,1
BRDA:14,0,1,2
BRDA:14,1,0,3
BRDA:14,1,1,2
BRDA:57,2,0,1
BRDA:69,3,0,3
BRDA:69,3,1,2
BRDA:69,4,0,5
BRDA:69,4,1,4
BRF:9
BRH:9
end_of_record
TN:
SF:server/core/mockResponder.js
FN:22,gatherDiagnosticContext
FN:79,respond
FN:102,(anonymous_2)
FN:132,askClaudeCli
FN:196,escapeShellArg
FNF:5
FNH:1
FNDA:11,gatherDiagnosticContext
FNDA:0,respond
FNDA:0,(anonymous_2)
FNDA:0,askClaudeCli
FNDA:0,escapeShellArg
DA:1,1
DA:2,1
DA:3,1
DA:4,1
DA:5,1
DA:6,1
DA:23,11
DA:25,8
DA:27,8
DA:28,8
DA:30,2
DA:31,2
DA:32,2
DA:34,1
DA:35,1
DA:37,1
DA:38,1
DA:39,1
DA:41,1
DA:42,1
DA:44,1
DA:45,1
DA:46,1
DA:48,1
DA:49,1
DA:50,1
DA:52,1
DA:53,1
DA:54,1
DA:55,1
DA:56,1
DA:57,1
DA:60,0
DA:61,0
DA:63,0
DA:66,0
DA:67,0
DA:70,8
DA:72,8
DA:80,0
DA:81,0
DA:84,0
DA:87,0
DA:88,0
DA:89,0
DA:93,0
DA:94,0
DA:95,0
DA:99,0
DA:100,0
DA:102,0
DA:106,0
DA:109,0
DA:111,0
DA:112,0
DA:113,0
DA:114,0
DA:118,0
DA:119,0
DA:133,0
DA:134,0
DA:135,0
DA:137,0
DA:141,0
DA:145,0
DA:147,0
DA:149,0
DA:184,0
DA:185,0
DA:189,0
DA:191,0
DA:192,0
DA:197,0
DA:200,1
LF:74
LH:35
BRDA:23,0,0,3
BRDA:23,0,1,8
BRDA:23,1,0,11
BRDA:23,1,1,10
BRDA:28,2,0,2
BRDA:28,2,1,1
BRDA:28,2,2,1
BRDA:28,2,3,1
BRDA:28,2,4,1
BRDA:28,2,5,1
BRDA:28,2,6,1
BRDA:28,2,7,0
BRDA:60,3,0,0
BRDA:60,3,1,0
BRDA:60,4,0,0
BRDA:60,4,1,0
BRDA:70,5,0,0
BRDA:70,5,1,8
BRDA:81,6,0,0
BRDA:81,6,1,0
BRDA:88,7,0,0
BRDA:88,7,1,0
BRDA:93,8,0,0
BRDA:93,8,1,0
BRDA:94,9,0,0
BRDA:94,9,1,0
BRDA:102,10,0,0
BRDA:102,10,1,0
BRDA:106,11,0,0
BRDA:106,11,1,0
BRDA:111,12,0,0
BRDA:111,12,1,0
BRDA:124,13,0,0
BRDA:124,13,1,0
BRDA:125,14,0,0
BRDA:125,14,1,0
BRDA:133,15,0,0
BRDA:133,15,1,0
BRDA:134,16,0,0
BRDA:134,16,1,0
BRDA:135,17,0,0
BRDA:135,17,1,0
BRDA:137,18,0,0
BRDA:137,18,1,0
BRDA:141,19,0,0
BRDA:141,19,1,0
BRDA:147,20,0,0
BRDA:147,20,1,0
BRDA:189,21,0,0
BRDA:189,21,1,0
BRF:50
BRH:12
end_of_record
TN:
SF:server/core/safetyMonitor.js
FN:38,buildEmergencyRegex
FN:44,(anonymous_1)
FN:76,checkMessage
FN:100,(anonymous_3)
FNF:4
FNH:4
FNDA:10,buildEmergencyRegex
FNDA:10,(anonymous_1)
FNDA:22,checkMessage
FNDA:100,(anonymous_3)
DA:1,1
DA:3,1
DA:17,1
DA:29,1
DA:32,1
DA:39,10
DA:41,10
DA:44,10
DA:51,1
DA:77,22
DA:80,19
DA:81,128
DA:82,9
DA:83,9
DA:89,0
DA:91,9
DA:100,100
DA:101,10
DA:103,0
DA:104,0
DA:110,0
DA:112,0
DA:116,10
DA:117,54
DA:118,5
DA:119,5
DA:125,0
DA:127,5
DA:135,5
DA:138,1
LF:30
LH:24
BRDA:77,0,0,3
BRDA:77,0,1,19
BRDA:81,1,0,9
BRDA:81,1,1,119
BRDA:101,2,0,0
BRDA:101,2,1,10
BRDA:117,3,0,5
BRDA:117,3,1,49
BRF:8
BRH:7
end_of_record
TN:
SF:server/core/skillMatcher.js
FN:9,loadSkills
FN:10,(anonymous_1)
FN:48,matchSkill
FN:87,buildSkillPrompt
FN:96,getSkillsSummary
FN:98,(anonymous_5)
FN:106,getAllSkills
FNF:7
FNH:7
FNDA:2,loadSkills
FNDA:56,(anonymous_1)
FNDA:18,matchSkill
FNDA:8,buildSkillPrompt
FNDA:2,getSkillsSummary
FNDA:56,(anonymous_5)
FNDA:6,getAllSkills
DA:1,2
DA:2,2
DA:4,2
DA:10,56
DA:11,2
DA:13,2
DA:14,56
DA:15,56
DA:16,56
DA:17,56
DA:19,0
DA:23,2
DA:24,2
DA:28,2
DA:31,2
DA:49,18
DA:51,16
DA:52,16
DA:53,16
DA:54,16
DA:56,16
DA:57,448
DA:58,448
DA:59,5696
DA:60,32
DA:64,448
DA:66,448
DA:67,16
DA:68,16
DA:69,16
DA:73,16
DA:74,15
DA:77,1
DA:88,8
DA:97,2
DA:98,56
DA:107,6
DA:110,2
LF:38
LH:37
BRDA:49,0,0,2
BRDA:49,0,1,16
BRDA:59,1,0,32
BRDA:59,1,1,5664
BRDA:64,2,0,448
BRDA:64,2,1,16
BRDA:66,3,0,16
BRDA:66,3,1,432
BRDA:66,4,0,448
BRDA:66,4,1,432
BRDA:66,4,2,210
BRDA:66,4,3,2
BRDA:73,5,0,15
BRDA:73,5,1,1
BRDA:73,6,0,16
BRDA:73,6,1,15
BRF:16
BRH:16
end_of_record
TN:
SF:server/core/systemDiagnostics.js
FN:20,safeExec
FN:39,getPlatform
FN:51,getSystemInfo
FN:124,checkNetwork
FN:182,listRunningApps
FN:200,readErrorLog
FN:219,(anonymous_6)
FN:223,(anonymous_7)
FN:344,runSafeCommand
FN:361,(anonymous_9)
FN:376,checkDiskHealth
FN:418,checkInstalledSoftware
FN:431,(anonymous_12)
FN:446,getBatteryStatus
FNF:14
FNH:11
FNDA:68,safeExec
FNDA:40,getPlatform
FNDA:9,getSystemInfo
FNDA:5,checkNetwork
FNDA:6,listRunningApps
FNDA:3,readErrorLog
FNDA:0,(anonymous_6)
FNDA:0,(anonymous_7)
FNDA:25,runSafeCommand
FNDA:10,(anonymous_9)
FNDA:4,checkDiskHealth
FNDA:4,checkInstalledSoftware
FNDA:0,(anonymous_12)
FNDA:4,getBatteryStatus
DA:10,3
DA:11,3
DA:12,3
DA:13,3
DA:15,3
DA:21,68
DA:22,68
DA:28,53
DA:30,15
DA:32,15
DA:40,40
DA:41,40
DA:42,40
DA:43,40
DA:52,9
DA:56,9
DA:58,9
DA:60,0
DA:61,0
DA:62,0
DA:63,0
DA:64,0
DA:65,0
DA:66,0
DA:67,0
DA:69,0
DA:72,9
DA:74,9
DA:76,9
DA:91,9
DA:92,0
DA:93,0
DA:94,0
DA:95,9
DA:96,0
DA:97,0
DA:99,0
DA:100,0
DA:102,9
DA:103,9
DA:104,9
DA:108,9
DA:118,9
DA:125,5
DA:126,5
DA:129,5
DA:132,5
DA:133,5
DA:134,5
DA:137,5
DA:140,5
DA:141,5
DA:142,5
DA:145,5
DA:146,0
DA:147,0
DA:148,5
DA:149,0
DA:150,0
DA:152,5
DA:153,5
DA:157,5
DA:158,0
DA:159,0
DA:161,5
DA:162,5
DA:163,5
DA:167,5
DA:170,5
DA:171,5
DA:172,5
DA:173,0
DA:176,5
DA:183,6
DA:185,6
DA:187,0
DA:189,6
DA:191,0
DA:193,6
DA:201,3
DA:202,3
DA:204,3
DA:205,0
DA:206,0
DA:207,0
DA:208,0
DA:210,0
DA:211,3
DA:212,0
DA:213,0
DA:214,0
DA:216,0
DA:217,0
DA:218,0
DA:219,0
DA:222,0
DA:223,0
DA:225,0
DA:228,0
DA:230,3
DA:231,3
DA:233,0
DA:244,3
DA:318,3
DA:345,25
DA:346,2
DA:349,23
DA:352,23
DA:353,258
DA:354,19
DA:359,4
DA:360,4
DA:361,10
DA:363,4
DA:364,0
DA:370,4
DA:377,4
DA:378,4
DA:381,4
DA:382,0
DA:383,0
DA:385,4
DA:386,4
DA:390,4
DA:391,4
DA:392,0
DA:393,0
DA:394,0
DA:395,0
DA:397,4
DA:398,4
DA:402,4
DA:403,0
DA:404,0
DA:405,4
DA:406,0
DA:407,0
DA:408,0
DA:409,0
DA:412,4
DA:419,4
DA:421,4
DA:422,0
DA:425,0
DA:426,4
DA:428,0
DA:429,0
DA:430,0
DA:431,0
DA:432,0
DA:434,0
DA:436,4
DA:439,4
DA:447,4
DA:449,4
DA:450,0
DA:451,4
DA:452,0
DA:454,4
DA:455,4
DA:456,0
DA:457,0
DA:458,0
DA:462,3
LF:164
LH:96
BRDA:20,0,0,63
BRDA:30,1,0,0
BRDA:30,1,1,15
BRDA:32,2,0,0
BRDA:32,2,1,15
BRDA:41,3,0,0
BRDA:41,3,1,40
BRDA:42,4,0,0
BRDA:42,4,1,40
BRDA:58,5,0,0
BRDA:58,5,1,9
BRDA:65,6,0,0
BRDA:65,6,1,0
BRDA:65,7,0,0
BRDA:65,7,1,0
BRDA:66,8,0,0
BRDA:66,8,1,0
BRDA:91,9,0,0
BRDA:91,9,1,9
BRDA:92,10,0,0
BRDA:92,10,1,0
BRDA:93,11,0,0
BRDA:93,11,1,0
BRDA:95,12,0,0
BRDA:95,12,1,9
BRDA:97,13,0,0
BRDA:97,13,1,0
BRDA:99,14,0,0
BRDA:99,14,1,0
BRDA:102,15,0,9
BRDA:102,15,1,0
BRDA:103,16,0,9
BRDA:103,16,1,0
BRDA:129,17,0,0
BRDA:129,17,1,5
BRDA:133,18,0,5
BRDA:133,18,1,5
BRDA:133,18,2,5
BRDA:134,19,0,0
BRDA:134,19,1,5
BRDA:137,20,0,0
BRDA:137,20,1,5
BRDA:141,21,0,5
BRDA:141,21,1,0
BRDA:142,22,0,5
BRDA:142,22,1,0
BRDA:145,23,0,0
BRDA:145,23,1,5
BRDA:148,24,0,0
BRDA:148,24,1,5
BRDA:157,25,0,0
BRDA:157,25,1,5
BRDA:161,26,0,0
BRDA:161,26,1,5
BRDA:167,27,0,0
BRDA:167,27,1,5
BRDA:171,28,0,5
BRDA:171,28,1,5
BRDA:172,29,0,0
BRDA:172,29,1,5
BRDA:185,30,0,0
BRDA:185,30,1,6
BRDA:187,31,0,0
BRDA:187,31,1,0
BRDA:189,32,0,0
BRDA:189,32,1,6
BRDA:202,33,0,3
BRDA:202,33,1,0
BRDA:204,34,0,0
BRDA:204,34,1,3
BRDA:205,35,0,0
BRDA:205,35,1,0
BRDA:207,36,0,0
BRDA:207,36,1,0
BRDA:211,37,0,0
BRDA:211,37,1,3
BRDA:212,38,0,0
BRDA:212,38,1,0
BRDA:214,39,0,0
BRDA:214,39,1,0
BRDA:219,40,0,0
BRDA:219,40,1,0
BRDA:222,41,0,0
BRDA:222,41,1,0
BRDA:230,42,0,3
BRDA:230,42,1,0
BRDA:345,43,0,2
BRDA:345,43,1,23
BRDA:345,44,0,25
BRDA:345,44,1,23
BRDA:353,45,0,19
BRDA:353,45,1,239
BRDA:360,46,0,4
BRDA:360,46,1,0
BRDA:363,47,0,0
BRDA:363,47,1,4
BRDA:381,48,0,0
BRDA:381,48,1,4
BRDA:391,49,0,0
BRDA:391,49,1,4
BRDA:393,50,0,0
BRDA:393,50,1,0
BRDA:394,51,0,0
BRDA:394,51,1,0
BRDA:395,52,0,0
BRDA:395,52,1,0
BRDA:402,53,0,0
BRDA:402,53,1,4
BRDA:405,54,0,0
BRDA:405,54,1,4
BRDA:421,55,0,0
BRDA:421,55,1,4
BRDA:422,56,0,0
BRDA:422,56,1,0
BRDA:426,57,0,0
BRDA:426,57,1,4
BRDA:429,58,0,0
BRDA:429,58,1,0
BRDA:432,59,0,0
BRDA:432,59,1,0
BRDA:436,60,0,1
BRDA:436,60,1,3
BRDA:449,61,0,0
BRDA:449,61,1,4
BRDA:451,62,0,0
BRDA:451,62,1,4
BRDA:455,63,0,4
BRDA:455,63,1,0
BRF:128
BRH:51
end_of_record
TN:
SF:server/core/taskClassifier.js
FN:14,classifyMessage
FNF:1
FNH:1
FNDA:22,classifyMessage
DA:1,1
DA:2,1
DA:4,1
DA:5,0
DA:8,1
DA:10,1
DA:11,1
DA:12,1
DA:15,22
DA:24,22
DA:38,22
DA:40,22
DA:41,22
DA:48,21
DA:49,21
DA:52,21
DA:53,21
DA:55,2
DA:56,2
DA:59,19
DA:60,19
DA:61,19
DA:63,19
DA:65,1
DA:66,1
DA:70,1
LF:26
LH:25
BRDA:4,0,0,0
BRDA:4,0,1,1
BRDA:15,1,0,20
BRDA:15,1,1,2
BRDA:17,2,0,20
BRDA:17,2,1,0
BRDA:18,3,0,20
BRDA:18,3,1,0
BRDA:19,4,0,20
BRDA:19,4,1,0
BRDA:20,5,0,20
BRDA:20,5,1,0
BRDA:48,6,0,21
BRDA:48,6,1,1
BRDA:59,7,0,17
BRDA:59,7,1,2
BRDA:60,8,0,18
BRDA:60,8,1,1
BRDA:61,9,0,17
BRDA:61,9,1,2
BRF:20
BRH:15
end_of_record
TN:
SF:server/core/userProfileManager.js
FN:8,relativeTime
FN:29,(anonymous_1)
FN:43,(anonymous_2)
FN:60,(anonymous_3)
FN:93,(anonymous_4)
FNF:5
FNH:5
FNDA:2,relativeTime
FNDA:5,(anonymous_1)
FNDA:4,(anonymous_2)
FNDA:7,(anonymous_3)
FNDA:2,(anonymous_4)
DA:1,2
DA:2,2
DA:9,2
DA:10,2
DA:11,2
DA:12,2
DA:14,2
DA:15,0
DA:16,0
DA:17,0
DA:18,0
DA:19,0
DA:20,0
DA:23,2
DA:30,5
DA:31,2
DA:32,2
DA:33,1
DA:44,4
DA:45,4
DA:46,4
DA:47,36
DA:48,9
DA:51,4
DA:61,7
DA:62,7
DA:64,6
DA:67,6
DA:68,6
DA:71,6
DA:74,6
DA:77,6
DA:80,6
DA:81,6
DA:82,4
DA:83,3
DA:84,3
DA:88,6
DA:90,6
DA:91,4
DA:93,2
DA:94,2
DA:98,6
DA:99,6
DA:100,6
DA:102,1
DA:104,6
DA:107,6
DA:111,6
DA:115,2
LF:50
LH:44
BRDA:14,0,0,2
BRDA:14,0,1,0
BRDA:15,1,0,0
BRDA:15,1,1,0
BRDA:16,2,0,0
BRDA:16,2,1,0
BRDA:17,3,0,0
BRDA:17,3,1,0
BRDA:18,4,0,0
BRDA:18,4,1,0
BRDA:19,5,0,0
BRDA:19,5,1,0
BRDA:30,6,0,3
BRDA:30,6,1,2
BRDA:32,7,0,1
BRDA:32,7,1,1
BRDA:47,8,0,9
BRDA:47,8,1,27
BRDA:62,9,0,1
BRDA:62,9,1,6
BRDA:67,10,0,6
BRDA:67,10,1,1
BRDA:71,11,0,6
BRDA:71,11,1,1
BRDA:74,12,0,6
BRDA:74,12,1,1
BRDA:77,13,0,5
BRDA:77,13,1,1
BRDA:77,14,0,6
BRDA:77,14,1,5
BRDA:82,15,0,3
BRDA:82,15,1,1
BRDA:83,16,0,3
BRDA:83,16,1,0
BRDA:83,17,0,3
BRDA:83,17,1,1
BRDA:90,18,0,4
BRDA:90,18,1,2
BRDA:100,19,0,6
BRDA:100,19,1,1
BRDA:104,20,0,1
BRDA:104,20,1,5
BRDA:107,21,0,1
BRDA:107,21,1,5
BRF:44
BRH:32
end_of_record
TN:
SF:server/core/vocabularyFilter.js
FN:28,buildWordRegex
FN:39,filterResponse
FN:66,enforceReadability
FN:72,(anonymous_3)
FN:95,(anonymous_4)
FN:115,detectJargon
FNF:6
FNH:6
FNDA:962,buildWordRegex
FNDA:23,filterResponse
FNDA:9,enforceReadability
FNDA:6,(anonymous_3)
FNDA:11,(anonymous_4)
FNDA:10,detectJargon
DA:1,2
DA:2,2
DA:6,2
DA:29,962
DA:30,962
DA:40,23
DA:42,17
DA:43,2
DA:46,17
DA:47,17
DA:51,17
DA:52,642
DA:53,642
DA:54,642
DA:57,17
DA:67,9
DA:70,6
DA:72,6
DA:73,6
DA:74,6
DA:77,4
DA:78,4
DA:79,4
DA:82,4
DA:83,7
DA:84,7
DA:86,7
DA:89,4
DA:90,4
DA:92,4
DA:95,4
DA:96,11
DA:98,7
DA:102,4
DA:105,6
DA:116,10
DA:117,7
DA:118,7
DA:121,7
DA:122,320
DA:123,320
DA:124,320
DA:125,6
DA:128,7
DA:131,2
LF:45
LH:45
BRDA:40,0,0,6
BRDA:40,0,1,17
BRDA:40,1,0,23
BRDA:40,1,1,19
BRDA:42,2,0,2
BRDA:42,2,1,15
BRDA:42,3,0,17
BRDA:42,3,1,8
BRDA:47,4,0,9
BRDA:47,4,1,8
BRDA:53,5,0,0
BRDA:53,5,1,642
BRDA:67,6,0,3
BRDA:67,6,1,6
BRDA:74,7,0,2
BRDA:74,7,1,4
BRDA:84,8,0,7
BRDA:84,8,1,0
BRDA:90,9,0,4
BRDA:90,9,1,0
BRDA:92,10,0,0
BRDA:92,10,1,4
BRDA:96,11,0,4
BRDA:96,11,1,7
BRDA:102,12,0,4
BRDA:102,12,1,0
BRDA:116,13,0,3
BRDA:116,13,1,7
BRDA:116,14,0,10
BRDA:116,14,1,8
BRDA:118,15,0,5
BRDA:118,15,1,2
BRDA:123,16,0,0
BRDA:123,16,1,320
BRDA:124,17,0,6
BRDA:124,17,1,314
BRF:36
BRH:30
end_of_record
TN:
SF:server/db/database.js
FN:21,runMigrations
FNF:1
FNH:1
FNDA:1,runMigrations
DA:1,1
DA:2,1
DA:3,1
DA:5,1
DA:6,1
DA:8,1
DA:11,1
DA:12,1
DA:15,1
DA:16,1
DA:22,1
DA:27,1
DA:28,3
DA:29,3
DA:36,1
DA:38,1
LF:16
LH:16
BRF:0
BRH:0
end_of_record
TN:
SF:server/models/Conversation.js
FN:5,(anonymous_0)
FN:25,(anonymous_1)
FN:29,(anonymous_2)
FN:33,(anonymous_3)
FN:37,(anonymous_4)
FN:56,(anonymous_5)
FN:67,(anonymous_6)
FNF:7
FNH:7
FNDA:20,(anonymous_0)
FNDA:30,(anonymous_1)
FNDA:3,(anonymous_2)
FNDA:2,(anonymous_3)
FNDA:7,(anonymous_4)
FNDA:1,(anonymous_5)
FNDA:4,(anonymous_6)
DA:1,2
DA:2,2
DA:4,2
DA:6,20
DA:7,19
DA:8,19
DA:9,19
DA:13,19
DA:22,19
DA:26,30
DA:30,3
DA:34,2
DA:38,7
DA:39,7
DA:40,7
DA:42,7
DA:43,28
DA:44,7
DA:45,7
DA:49,7
DA:51,6
DA:52,6
DA:53,6
DA:57,1
DA:58,1
DA:59,1
DA:68,4
DA:69,4
DA:71,4
DA:85,4
DA:86,1
DA:89,4
DA:93,2
LF:33
LH:33
BRDA:6,0,0,1
BRDA:6,0,1,19
BRDA:7,1,0,19
BRDA:7,1,1,18
BRDA:16,2,0,19
BRDA:16,2,1,18
BRDA:17,3,0,19
BRDA:17,3,1,14
BRDA:18,4,0,19
BRDA:18,4,1,18
BRDA:19,5,0,19
BRDA:19,5,1,16
BRDA:20,6,0,19
BRDA:20,6,1,19
BRDA:26,7,0,30
BRDA:26,7,1,1
BRDA:43,8,0,7
BRDA:43,8,1,21
BRDA:49,9,0,1
BRDA:49,9,1,6
BRF:20
BRH:20
end_of_record
TN:
SF:server/models/ConversationFeedback.js
FN:7,(anonymous_0)
FN:36,(anonymous_1)
FN:40,(anonymous_2)
FN:48,(anonymous_3)
FNF:4
FNH:4
FNDA:20,(anonymous_0)
FNDA:10,(anonymous_1)
FNDA:2,(anonymous_2)
FNDA:2,(anonymous_3)
DA:1,2
DA:2,2
DA:4,2
DA:6,2
DA:8,20
DA:9,19
DA:11,18
DA:12,18
DA:13,6
DA:16,12
DA:17,12
DA:18,4
DA:19,1
DA:21,3
DA:22,3
DA:23,2
DA:27,11
DA:28,11
DA:33,10
DA:37,10
DA:41,2
DA:49,2
DA:50,2
DA:56,2
DA:57,2
DA:58,3
DA:61,2
DA:69,2
LF:28
LH:28
BRDA:8,0,0,1
BRDA:8,0,1,19
BRDA:9,1,0,1
BRDA:9,1,1,18
BRDA:12,2,0,6
BRDA:12,2,1,12
BRDA:12,3,0,18
BRDA:12,3,1,16
BRDA:12,3,2,13
BRDA:17,4,0,4
BRDA:17,4,1,8
BRDA:17,5,0,12
BRDA:17,5,1,4
BRDA:18,6,0,1
BRDA:18,6,1,3
BRDA:22,7,0,2
BRDA:22,7,1,1
BRDA:27,8,0,11
BRDA:27,8,1,11
BRDA:37,9,0,10
BRDA:37,9,1,0
BRDA:41,10,0,2
BRDA:41,10,1,1
BRDA:63,11,0,1
BRDA:63,11,1,1
BRF:25
BRH:24
end_of_record
TN:
SF:server/models/Message.js
FN:5,(anonymous_0)
FN:25,(anonymous_1)
FN:29,(anonymous_2)
FN:36,(anonymous_3)
FNF:4
FNH:4
FNDA:120,(anonymous_0)
FNDA:119,(anonymous_1)
FNDA:4,(anonymous_2)
FNDA:4,(anonymous_3)
DA:1,2
DA:2,2
DA:4,2
DA:6,120
DA:7,119
DA:8,118
DA:9,117
DA:10,117
DA:11,117
DA:15,117
DA:22,117
DA:26,119
DA:30,4
DA:31,1
DA:33,3
DA:37,4
DA:45,2
LF:17
LH:17
BRDA:6,0,0,1
BRDA:6,0,1,119
BRDA:7,1,0,1
BRDA:7,1,1,118
BRDA:8,2,0,1
BRDA:8,2,1,117
BRDA:9,3,0,117
BRDA:9,3,1,116
BRDA:20,4,0,117
BRDA:20,4,1,4
BRDA:26,5,0,119
BRDA:26,5,1,1
BRDA:30,6,0,1
BRDA:30,6,1,3
BRDA:36,7,0,3
BRF:15
BRH:15
end_of_record
TN:
SF:server/models/SafetyEvent.js
FN:5,(anonymous_0)
FN:24,(anonymous_1)
FN:28,(anonymous_2)
FNF:3
FNH:3
FNDA:11,(anonymous_0)
FNDA:11,(anonymous_1)
FNDA:3,(anonymous_2)
DA:1,2
DA:2,2
DA:4,2
DA:6,11
DA:7,10
DA:8,9
DA:9,9
DA:10,9
DA:14,9
DA:21,9
DA:25,11
DA:29,3
DA:33,2
LF:13
LH:13
BRDA:6,0,0,1
BRDA:6,0,1,10
BRDA:7,1,0,1
BRDA:7,1,1,9
BRDA:8,2,0,9
BRDA:8,2,1,8
BRDA:18,3,0,9
BRDA:18,3,1,8
BRDA:19,4,0,9
BRDA:19,4,1,6
BRDA:25,5,0,11
BRDA:25,5,1,1
BRF:12
BRH:12
end_of_record
TN:
SF:server/models/SkillEvent.js
FN:5,(anonymous_0)
FN:24,(anonymous_1)
FN:28,(anonymous_2)
FN:32,(anonymous_3)
FNF:4
FNH:4
FNDA:20,(anonymous_0)
FNDA:20,(anonymous_1)
FNDA:3,(anonymous_2)
FNDA:3,(anonymous_3)
DA:1,2
DA:2,2
DA:4,2
DA:6,20
DA:7,19
DA:8,18
DA:9,18
DA:10,18
DA:14,18
DA:21,18
DA:25,20
DA:29,3
DA:33,3
DA:37,2
LF:14
LH:14
BRDA:6,0,0,1
BRDA:6,0,1,19
BRDA:7,1,0,1
BRDA:7,1,1,18
BRDA:8,2,0,18
BRDA:8,2,1,17
BRDA:18,3,0,18
BRDA:18,3,1,17
BRDA:19,4,0,18
BRDA:19,4,1,6
BRDA:25,5,0,20
BRDA:25,5,1,1
BRF:12
BRH:12
end_of_record
TN:
SF:server/models/User.js
FN:5,(anonymous_0)
FN:26,(anonymous_1)
FN:30,(anonymous_2)
FN:34,(anonymous_3)
FN:56,(anonymous_4)
FNF:5
FNH:5
FNDA:14,(anonymous_0)
FNDA:24,(anonymous_1)
FNDA:2,(anonymous_2)
FNDA:6,(anonymous_3)
FNDA:2,(anonymous_4)
DA:1,2
DA:2,2
DA:4,2
DA:6,14
DA:7,14
DA:8,14
DA:12,14
DA:23,14
DA:27,24
DA:31,2
DA:35,6
DA:36,6
DA:37,6
DA:39,6
DA:40,54
DA:41,7
DA:42,7
DA:46,6
DA:48,5
DA:49,5
DA:50,5
DA:52,5
DA:53,5
DA:57,2
DA:58,2
DA:62,2
LF:26
LH:26
BRDA:6,0,0,14
BRDA:6,0,1,1
BRDA:14,1,0,14
BRDA:14,1,1,7
BRDA:15,2,0,14
BRDA:15,2,1,7
BRDA:16,3,0,14
BRDA:16,3,1,13
BRDA:17,4,0,14
BRDA:17,4,1,14
BRDA:18,5,0,2
BRDA:18,5,1,12
BRDA:19,6,0,1
BRDA:19,6,1,13
BRDA:27,7,0,24
BRDA:27,7,1,2
BRDA:40,8,0,7
BRDA:40,8,1,47
BRDA:46,9,0,1
BRDA:46,9,1,5
BRF:20
BRH:20
end_of_record
